
*** Running vivado
    with args -log Memory_design_blk_mem_gen_0_0.vds -m64 -product Vivado -mode batch -messageDb vivado.pb -notrace -source Memory_design_blk_mem_gen_0_0.tcl


****** Vivado v2017.2 (64-bit)
  **** SW Build 1909853 on Thu Jun 15 18:39:09 MDT 2017
  **** IP Build 1909766 on Thu Jun 15 19:58:00 MDT 2017
    ** Copyright 1986-2017 Xilinx, Inc. All Rights Reserved.

source Memory_design_blk_mem_gen_0_0.tcl -notrace
Starting RTL Elaboration : Time (s): cpu = 00:00:11 ; elapsed = 00:00:15 . Memory (MB): peak = 317.246 ; gain = 79.848
INFO: [Synth 8-638] synthesizing module 'Memory_design_blk_mem_gen_0_0' [c:/Users/Tomek/Desktop/TabledAsymetricNumeralSystems-master/TabledAsymmetricNumeralSystems/TabledAsymmetricNumeralSystems.srcs/sources_1/bd/Memory_design/ip/Memory_design_blk_mem_gen_0_0/synth/Memory_design_blk_mem_gen_0_0.vhd:78]
INFO: [Synth 8-256] done synthesizing module 'Memory_design_blk_mem_gen_0_0' (9#1) [c:/Users/Tomek/Desktop/TabledAsymetricNumeralSystems-master/TabledAsymmetricNumeralSystems/TabledAsymmetricNumeralSystems.srcs/sources_1/bd/Memory_design/ip/Memory_design_blk_mem_gen_0_0/synth/Memory_design_blk_mem_gen_0_0.vhd:78]
Finished RTL Elaboration : Time (s): cpu = 00:01:19 ; elapsed = 00:01:58 . Memory (MB): peak = 523.813 ; gain = 286.414
Finished RTL Optimization Phase 1 : Time (s): cpu = 00:01:19 ; elapsed = 00:02:00 . Memory (MB): peak = 523.813 ; gain = 286.414
INFO: [Device 21-403] Loading part xc7z010clg400-1
Constraint Validation Runtime : Time (s): cpu = 00:00:00 ; elapsed = 00:00:00.884 . Memory (MB): peak = 591.102 ; gain = 0.000
Finished Constraint Validation : Time (s): cpu = 00:01:38 ; elapsed = 00:02:58 . Memory (MB): peak = 591.102 ; gain = 353.703
Finished Loading Part and Timing Information : Time (s): cpu = 00:01:38 ; elapsed = 00:02:58 . Memory (MB): peak = 591.102 ; gain = 353.703
Finished applying 'set_property' XDC Constraints : Time (s): cpu = 00:01:38 ; elapsed = 00:02:58 . Memory (MB): peak = 591.102 ; gain = 353.703
Finished RTL Optimization Phase 2 : Time (s): cpu = 00:01:39 ; elapsed = 00:02:59 . Memory (MB): peak = 591.102 ; gain = 353.703
Finished Cross Boundary and Area Optimization : Time (s): cpu = 00:01:39 ; elapsed = 00:03:00 . Memory (MB): peak = 591.102 ; gain = 353.703
Finished Applying XDC Timing Constraints : Time (s): cpu = 00:01:58 ; elapsed = 00:03:25 . Memory (MB): peak = 616.094 ; gain = 378.695
Finished Timing Optimization : Time (s): cpu = 00:01:58 ; elapsed = 00:03:25 . Memory (MB): peak = 616.094 ; gain = 378.695
Finished Technology Mapping : Time (s): cpu = 00:01:58 ; elapsed = 00:03:25 . Memory (MB): peak = 626.234 ; gain = 388.836
Finished IO Insertion : Time (s): cpu = 00:01:59 ; elapsed = 00:03:26 . Memory (MB): peak = 626.234 ; gain = 388.836
Finished Renaming Generated Instances : Time (s): cpu = 00:01:59 ; elapsed = 00:03:26 . Memory (MB): peak = 626.234 ; gain = 388.836
Finished Rebuilding User Hierarchy : Time (s): cpu = 00:01:59 ; elapsed = 00:03:26 . Memory (MB): peak = 626.234 ; gain = 388.836
Finished Renaming Generated Ports : Time (s): cpu = 00:01:59 ; elapsed = 00:03:27 . Memory (MB): peak = 626.234 ; gain = 388.836
Finished Handling Custom Attributes : Time (s): cpu = 00:01:59 ; elapsed = 00:03:27 . Memory (MB): peak = 626.234 ; gain = 388.836
Finished Renaming Generated Nets : Time (s): cpu = 00:01:59 ; elapsed = 00:03:27 . Memory (MB): peak = 626.234 ; gain = 388.836

Report Cell Usage: 
+------+---------+------+
|      |Cell     |Count |
+------+---------+------+
|1     |RAMB36E1 |     2|
+------+---------+------+
Finished Writing Synthesis Report : Time (s): cpu = 00:01:59 ; elapsed = 00:03:27 . Memory (MB): peak = 626.234 ; gain = 388.836
synth_design: Time (s): cpu = 00:02:02 ; elapsed = 00:03:31 . Memory (MB): peak = 637.758 ; gain = 401.504
