
*** Running vivado
    with args -log Memory_design_processing_system7_0_0.vds -m64 -product Vivado -mode batch -messageDb vivado.pb -notrace -source Memory_design_processing_system7_0_0.tcl


****** Vivado v2017.2 (64-bit)
  **** SW Build 1909853 on Thu Jun 15 18:39:09 MDT 2017
  **** IP Build 1909766 on Thu Jun 15 19:58:00 MDT 2017
    ** Copyright 1986-2017 Xilinx, Inc. All Rights Reserved.

source Memory_design_processing_system7_0_0.tcl -notrace
Starting RTL Elaboration : Time (s): cpu = 00:00:07 ; elapsed = 00:00:11 . Memory (MB): peak = 329.031 ; gain = 79.879
INFO: [Synth 8-638] synthesizing module 'Memory_design_processing_system7_0_0' [c:/Users/Tomek/Desktop/TabledAsymetricNumeralSystems-master/TabledAsymmetricNumeralSystems/TabledAsymmetricNumeralSystems.srcs/sources_1/bd/Memory_design/ip/Memory_design_processing_system7_0_0/synth/Memory_design_processing_system7_0_0.v:60]
INFO: [Synth 8-638] synthesizing module 'processing_system7_v5_5_processing_system7' [c:/Users/Tomek/Desktop/TabledAsymetricNumeralSystems-master/TabledAsymmetricNumeralSystems/TabledAsymmetricNumeralSystems.srcs/sources_1/bd/Memory_design/ip/Memory_design_processing_system7_0_0/hdl/verilog/processing_system7_v5_5_processing_system7.v:161]
INFO: [Synth 8-638] synthesizing module 'BUFG' [C:/Xilinx/Vivado/2017.2/scripts/rt/data/unisim_comp.v:607]
INFO: [Synth 8-256] done synthesizing module 'BUFG' (1#1) [C:/Xilinx/Vivado/2017.2/scripts/rt/data/unisim_comp.v:607]
INFO: [Synth 8-638] synthesizing module 'BIBUF' [C:/Xilinx/Vivado/2017.2/scripts/rt/data/unisim_comp.v:268]
INFO: [Synth 8-256] done synthesizing module 'BIBUF' (2#1) [C:/Xilinx/Vivado/2017.2/scripts/rt/data/unisim_comp.v:268]
INFO: [Synth 8-638] synthesizing module 'PS7' [C:/Xilinx/Vivado/2017.2/scripts/rt/data/unisim_comp.v:33527]
INFO: [Synth 8-256] done synthesizing module 'PS7' (3#1) [C:/Xilinx/Vivado/2017.2/scripts/rt/data/unisim_comp.v:33527]
INFO: [Synth 8-256] done synthesizing module 'processing_system7_v5_5_processing_system7' (4#1) [c:/Users/Tomek/Desktop/TabledAsymetricNumeralSystems-master/TabledAsymmetricNumeralSystems/TabledAsymmetricNumeralSystems.srcs/sources_1/bd/Memory_design/ip/Memory_design_processing_system7_0_0/hdl/verilog/processing_system7_v5_5_processing_system7.v:161]
INFO: [Synth 8-256] done synthesizing module 'Memory_design_processing_system7_0_0' (5#1) [c:/Users/Tomek/Desktop/TabledAsymetricNumeralSystems-master/TabledAsymmetricNumeralSystems/TabledAsymmetricNumeralSystems.srcs/sources_1/bd/Memory_design/ip/Memory_design_processing_system7_0_0/synth/Memory_design_processing_system7_0_0.v:60]
Finished RTL Elaboration : Time (s): cpu = 00:00:09 ; elapsed = 00:00:14 . Memory (MB): peak = 369.109 ; gain = 119.957
Finished RTL Optimization Phase 1 : Time (s): cpu = 00:00:10 ; elapsed = 00:00:14 . Memory (MB): peak = 369.109 ; gain = 119.957
INFO: [Device 21-403] Loading part xc7z010clg400-1
Constraint Validation Runtime : Time (s): cpu = 00:00:00 ; elapsed = 00:00:00.319 . Memory (MB): peak = 592.238 ; gain = 0.000
Finished Constraint Validation : Time (s): cpu = 00:00:29 ; elapsed = 00:00:39 . Memory (MB): peak = 592.238 ; gain = 343.086
Finished Loading Part and Timing Information : Time (s): cpu = 00:00:29 ; elapsed = 00:00:39 . Memory (MB): peak = 592.238 ; gain = 343.086
Finished applying 'set_property' XDC Constraints : Time (s): cpu = 00:00:29 ; elapsed = 00:00:39 . Memory (MB): peak = 592.238 ; gain = 343.086
Finished RTL Optimization Phase 2 : Time (s): cpu = 00:00:30 ; elapsed = 00:00:40 . Memory (MB): peak = 592.238 ; gain = 343.086
Finished Cross Boundary and Area Optimization : Time (s): cpu = 00:00:31 ; elapsed = 00:00:42 . Memory (MB): peak = 592.238 ; gain = 343.086
Finished Applying XDC Timing Constraints : Time (s): cpu = 00:00:51 ; elapsed = 00:01:02 . Memory (MB): peak = 802.000 ; gain = 552.848
Finished Timing Optimization : Time (s): cpu = 00:00:51 ; elapsed = 00:01:02 . Memory (MB): peak = 818.094 ; gain = 568.941
Finished Technology Mapping : Time (s): cpu = 00:00:53 ; elapsed = 00:01:04 . Memory (MB): peak = 821.160 ; gain = 572.008
Finished IO Insertion : Time (s): cpu = 00:00:55 ; elapsed = 00:01:07 . Memory (MB): peak = 821.160 ; gain = 572.008
Finished Renaming Generated Instances : Time (s): cpu = 00:00:55 ; elapsed = 00:01:07 . Memory (MB): peak = 821.160 ; gain = 572.008
Finished Rebuilding User Hierarchy : Time (s): cpu = 00:00:55 ; elapsed = 00:01:07 . Memory (MB): peak = 821.160 ; gain = 572.008
Finished Renaming Generated Ports : Time (s): cpu = 00:00:55 ; elapsed = 00:01:07 . Memory (MB): peak = 821.160 ; gain = 572.008
Finished Handling Custom Attributes : Time (s): cpu = 00:00:55 ; elapsed = 00:01:07 . Memory (MB): peak = 821.160 ; gain = 572.008
Finished Renaming Generated Nets : Time (s): cpu = 00:00:55 ; elapsed = 00:01:07 . Memory (MB): peak = 821.160 ; gain = 572.008

Report Cell Usage: 
+------+------+------+
|      |Cell  |Count |
+------+------+------+
|1     |BIBUF |   130|
|2     |BUFG  |     1|
|3     |LUT1  |   112|
|4     |PS7   |     1|
+------+------+------+
Finished Writing Synthesis Report : Time (s): cpu = 00:00:55 ; elapsed = 00:01:07 . Memory (MB): peak = 821.160 ; gain = 572.008
synth_design: Time (s): cpu = 00:00:58 ; elapsed = 00:01:12 . Memory (MB): peak = 833.688 ; gain = 590.156
