
*** Running vivado
    with args -log Memory_design_axi_smc_0.vds -m64 -product Vivado -mode batch -messageDb vivado.pb -notrace -source Memory_design_axi_smc_0.tcl


****** Vivado v2017.2 (64-bit)
  **** SW Build 1909853 on Thu Jun 15 18:39:09 MDT 2017
  **** IP Build 1909766 on Thu Jun 15 19:58:00 MDT 2017
    ** Copyright 1986-2017 Xilinx, Inc. All Rights Reserved.

source Memory_design_axi_smc_0.tcl -notrace
Starting RTL Elaboration : Time (s): cpu = 00:00:07 ; elapsed = 00:00:10 . Memory (MB): peak = 358.219 ; gain = 89.105
INFO: [Synth 8-638] synthesizing module 'Memory_design_axi_smc_0' [c:/Users/Tomek/Desktop/TabledAsymetricNumeralSystems-master/TabledAsymmetricNumeralSystems/TabledAsymmetricNumeralSystems.srcs/sources_1/bd/Memory_design/ip/Memory_design_axi_smc_0/synth/Memory_design_axi_smc_0.v:57]
INFO: [Synth 8-638] synthesizing module 'bd_3fbf' [c:/Users/Tomek/Desktop/TabledAsymetricNumeralSystems-master/TabledAsymmetricNumeralSystems/TabledAsymmetricNumeralSystems.srcs/sources_1/bd/Memory_design/ip/Memory_design_axi_smc_0/bd_0/hdl/bd_3fbf.v:13]
INFO: [Synth 8-638] synthesizing module 'clk_map_imp_WUXIB3' [c:/Users/Tomek/Desktop/TabledAsymetricNumeralSystems-master/TabledAsymmetricNumeralSystems/TabledAsymmetricNumeralSystems.srcs/sources_1/bd/Memory_design/ip/Memory_design_axi_smc_0/bd_0/hdl/bd_3fbf.v:2721]
INFO: [Synth 8-638] synthesizing module 'bd_3fbf_one_0' [c:/Users/Tomek/Desktop/TabledAsymetricNumeralSystems-master/TabledAsymmetricNumeralSystems/TabledAsymmetricNumeralSystems.srcs/sources_1/bd/Memory_design/ip/Memory_design_axi_smc_0/bd_0/ip/ip_0/synth/bd_3fbf_one_0.v:57]
INFO: [Synth 8-638] synthesizing module 'xlconstant_v1_1_3_xlconstant' [c:/Users/Tomek/Desktop/TabledAsymetricNumeralSystems-master/TabledAsymmetricNumeralSystems/TabledAsymmetricNumeralSystems.srcs/sources_1/bd/Memory_design/ipshared/45df/hdl/xlconstant_v1_1_vl_rfs.v:23]
INFO: [Synth 8-256] done synthesizing module 'xlconstant_v1_1_3_xlconstant' (1#1) [c:/Users/Tomek/Desktop/TabledAsymetricNumeralSystems-master/TabledAsymmetricNumeralSystems/TabledAsymmetricNumeralSystems.srcs/sources_1/bd/Memory_design/ipshared/45df/hdl/xlconstant_v1_1_vl_rfs.v:23]
INFO: [Synth 8-256] done synthesizing module 'bd_3fbf_one_0' (2#1) [c:/Users/Tomek/Desktop/TabledAsymetricNumeralSystems-master/TabledAsymmetricNumeralSystems/TabledAsymmetricNumeralSystems.srcs/sources_1/bd/Memory_design/ip/Memory_design_axi_smc_0/bd_0/ip/ip_0/synth/bd_3fbf_one_0.v:57]
INFO: [Synth 8-638] synthesizing module 'bd_3fbf_psr_aclk_0' [c:/Users/Tomek/Desktop/TabledAsymetricNumeralSystems-master/TabledAsymmetricNumeralSystems/TabledAsymmetricNumeralSystems.srcs/sources_1/bd/Memory_design/ip/Memory_design_axi_smc_0/bd_0/ip/ip_1/synth/bd_3fbf_psr_aclk_0.vhd:74]
INFO: [Synth 8-638] synthesizing module 'proc_sys_reset' [c:/Users/Tomek/Desktop/TabledAsymetricNumeralSystems-master/TabledAsymmetricNumeralSystems/TabledAsymmetricNumeralSystems.srcs/sources_1/bd/Memory_design/ipshared/5db7/hdl/proc_sys_reset_v5_0_vh_rfs.vhd:1323]
INFO: [Synth 8-638] synthesizing module 'lpf' [c:/Users/Tomek/Desktop/TabledAsymetricNumeralSystems-master/TabledAsymmetricNumeralSystems/TabledAsymmetricNumeralSystems.srcs/sources_1/bd/Memory_design/ipshared/5db7/hdl/proc_sys_reset_v5_0_vh_rfs.vhd:816]
INFO: [Synth 8-638] synthesizing module 'SRL16' [C:/Xilinx/Vivado/2017.2/scripts/rt/data/unisim_comp.v:43657]
INFO: [Synth 8-256] done synthesizing module 'SRL16' (3#1) [C:/Xilinx/Vivado/2017.2/scripts/rt/data/unisim_comp.v:43657]
INFO: [Synth 8-638] synthesizing module 'cdc_sync' [c:/Users/Tomek/Desktop/TabledAsymetricNumeralSystems-master/TabledAsymmetricNumeralSystems/TabledAsymmetricNumeralSystems.srcs/sources_1/bd/Memory_design/ipshared/52cb/hdl/lib_cdc_v1_0_rfs.vhd:106]
INFO: [Synth 8-256] done synthesizing module 'cdc_sync' (4#1) [c:/Users/Tomek/Desktop/TabledAsymetricNumeralSystems-master/TabledAsymmetricNumeralSystems/TabledAsymmetricNumeralSystems.srcs/sources_1/bd/Memory_design/ipshared/52cb/hdl/lib_cdc_v1_0_rfs.vhd:106]
INFO: [Synth 8-256] done synthesizing module 'lpf' (5#1) [c:/Users/Tomek/Desktop/TabledAsymetricNumeralSystems-master/TabledAsymmetricNumeralSystems/TabledAsymmetricNumeralSystems.srcs/sources_1/bd/Memory_design/ipshared/5db7/hdl/proc_sys_reset_v5_0_vh_rfs.vhd:816]
INFO: [Synth 8-638] synthesizing module 'sequence_psr' [c:/Users/Tomek/Desktop/TabledAsymetricNumeralSystems-master/TabledAsymmetricNumeralSystems/TabledAsymmetricNumeralSystems.srcs/sources_1/bd/Memory_design/ipshared/5db7/hdl/proc_sys_reset_v5_0_vh_rfs.vhd:301]
INFO: [Synth 8-638] synthesizing module 'upcnt_n' [c:/Users/Tomek/Desktop/TabledAsymetricNumeralSystems-master/TabledAsymmetricNumeralSystems/TabledAsymmetricNumeralSystems.srcs/sources_1/bd/Memory_design/ipshared/5db7/hdl/proc_sys_reset_v5_0_vh_rfs.vhd:125]
INFO: [Synth 8-256] done synthesizing module 'upcnt_n' (6#1) [c:/Users/Tomek/Desktop/TabledAsymetricNumeralSystems-master/TabledAsymmetricNumeralSystems/TabledAsymmetricNumeralSystems.srcs/sources_1/bd/Memory_design/ipshared/5db7/hdl/proc_sys_reset_v5_0_vh_rfs.vhd:125]
INFO: [Synth 8-256] done synthesizing module 'sequence_psr' (7#1) [c:/Users/Tomek/Desktop/TabledAsymetricNumeralSystems-master/TabledAsymmetricNumeralSystems/TabledAsymmetricNumeralSystems.srcs/sources_1/bd/Memory_design/ipshared/5db7/hdl/proc_sys_reset_v5_0_vh_rfs.vhd:301]
INFO: [Synth 8-256] done synthesizing module 'proc_sys_reset' (8#1) [c:/Users/Tomek/Desktop/TabledAsymetricNumeralSystems-master/TabledAsymmetricNumeralSystems/TabledAsymmetricNumeralSystems.srcs/sources_1/bd/Memory_design/ipshared/5db7/hdl/proc_sys_reset_v5_0_vh_rfs.vhd:1323]
INFO: [Synth 8-256] done synthesizing module 'bd_3fbf_psr_aclk_0' (9#1) [c:/Users/Tomek/Desktop/TabledAsymetricNumeralSystems-master/TabledAsymmetricNumeralSystems/TabledAsymmetricNumeralSystems.srcs/sources_1/bd/Memory_design/ip/Memory_design_axi_smc_0/bd_0/ip/ip_1/synth/bd_3fbf_psr_aclk_0.vhd:74]
INFO: [Synth 8-256] done synthesizing module 'clk_map_imp_WUXIB3' (10#1) [c:/Users/Tomek/Desktop/TabledAsymetricNumeralSystems-master/TabledAsymmetricNumeralSystems/TabledAsymmetricNumeralSystems.srcs/sources_1/bd/Memory_design/ip/Memory_design_axi_smc_0/bd_0/hdl/bd_3fbf.v:2721]
INFO: [Synth 8-638] synthesizing module 'm00_exit_pipeline_imp_13LYYB8' [c:/Users/Tomek/Desktop/TabledAsymetricNumeralSystems-master/TabledAsymmetricNumeralSystems/TabledAsymmetricNumeralSystems.srcs/sources_1/bd/Memory_design/ip/Memory_design_axi_smc_0/bd_0/hdl/bd_3fbf.v:2789]
INFO: [Synth 8-638] synthesizing module 'bd_3fbf_m00e_0' [c:/Users/Tomek/Desktop/TabledAsymetricNumeralSystems-master/TabledAsymmetricNumeralSystems/TabledAsymmetricNumeralSystems.srcs/sources_1/bd/Memory_design/ip/Memory_design_axi_smc_0/bd_0/ip/ip_22/synth/bd_3fbf_m00e_0.sv:58]
INFO: [Synth 8-256] done synthesizing module 'bd_3fbf_m00e_0' (20#1) [c:/Users/Tomek/Desktop/TabledAsymetricNumeralSystems-master/TabledAsymmetricNumeralSystems/TabledAsymmetricNumeralSystems.srcs/sources_1/bd/Memory_design/ip/Memory_design_axi_smc_0/bd_0/ip/ip_22/synth/bd_3fbf_m00e_0.sv:58]
INFO: [Synth 8-256] done synthesizing module 'm00_exit_pipeline_imp_13LYYB8' (21#1) [c:/Users/Tomek/Desktop/TabledAsymetricNumeralSystems-master/TabledAsymmetricNumeralSystems/TabledAsymmetricNumeralSystems.srcs/sources_1/bd/Memory_design/ip/Memory_design_axi_smc_0/bd_0/hdl/bd_3fbf.v:2789]
INFO: [Synth 8-638] synthesizing module 'm00_nodes_imp_1PV5GK8' [c:/Users/Tomek/Desktop/TabledAsymetricNumeralSystems-master/TabledAsymmetricNumeralSystems/TabledAsymmetricNumeralSystems.srcs/sources_1/bd/Memory_design/ip/Memory_design_axi_smc_0/bd_0/hdl/bd_3fbf.v:3160]
INFO: [Synth 8-638] synthesizing module 'bd_3fbf_m00arn_0' [c:/Users/Tomek/Desktop/TabledAsymetricNumeralSystems-master/TabledAsymmetricNumeralSystems/TabledAsymmetricNumeralSystems.srcs/sources_1/bd/Memory_design/ip/Memory_design_axi_smc_0/bd_0/ip/ip_17/synth/bd_3fbf_m00arn_0.sv:58]
INFO: [Synth 8-638] synthesizing module 'xpm_memory_base' [C:/Xilinx/Vivado/2017.2/data/ip/xpm/xpm_memory/hdl/xpm_memory.sv:58]
INFO: [Synth 8-256] done synthesizing module 'xpm_memory_base' (25#1) [C:/Xilinx/Vivado/2017.2/data/ip/xpm/xpm_memory/hdl/xpm_memory.sv:58]
INFO: [Synth 8-638] synthesizing module 'xpm_memory_base__parameterized0' [C:/Xilinx/Vivado/2017.2/data/ip/xpm/xpm_memory/hdl/xpm_memory.sv:58]
INFO: [Synth 8-256] done synthesizing module 'xpm_memory_base__parameterized0' (29#1) [C:/Xilinx/Vivado/2017.2/data/ip/xpm/xpm_memory/hdl/xpm_memory.sv:58]
INFO: [Synth 8-256] done synthesizing module 'bd_3fbf_m00arn_0' (35#1) [c:/Users/Tomek/Desktop/TabledAsymetricNumeralSystems-master/TabledAsymmetricNumeralSystems/TabledAsymmetricNumeralSystems.srcs/sources_1/bd/Memory_design/ip/Memory_design_axi_smc_0/bd_0/ip/ip_17/synth/bd_3fbf_m00arn_0.sv:58]
INFO: [Synth 8-638] synthesizing module 'bd_3fbf_m00awn_0' [c:/Users/Tomek/Desktop/TabledAsymetricNumeralSystems-master/TabledAsymmetricNumeralSystems/TabledAsymmetricNumeralSystems.srcs/sources_1/bd/Memory_design/ip/Memory_design_axi_smc_0/bd_0/ip/ip_19/synth/bd_3fbf_m00awn_0.sv:58]
INFO: [Synth 8-256] done synthesizing module 'bd_3fbf_m00awn_0' (36#1) [c:/Users/Tomek/Desktop/TabledAsymetricNumeralSystems-master/TabledAsymmetricNumeralSystems/TabledAsymmetricNumeralSystems.srcs/sources_1/bd/Memory_design/ip/Memory_design_axi_smc_0/bd_0/ip/ip_19/synth/bd_3fbf_m00awn_0.sv:58]
INFO: [Synth 8-638] synthesizing module 'bd_3fbf_m00bn_0' [c:/Users/Tomek/Desktop/TabledAsymetricNumeralSystems-master/TabledAsymmetricNumeralSystems/TabledAsymmetricNumeralSystems.srcs/sources_1/bd/Memory_design/ip/Memory_design_axi_smc_0/bd_0/ip/ip_21/synth/bd_3fbf_m00bn_0.sv:58]
INFO: [Synth 8-638] synthesizing module 'xpm_memory_base__parameterized1' [C:/Xilinx/Vivado/2017.2/data/ip/xpm/xpm_memory/hdl/xpm_memory.sv:58]
INFO: [Synth 8-256] done synthesizing module 'xpm_memory_base__parameterized1' (36#1) [C:/Xilinx/Vivado/2017.2/data/ip/xpm/xpm_memory/hdl/xpm_memory.sv:58]
INFO: [Synth 8-638] synthesizing module 'xpm_memory_base__parameterized2' [C:/Xilinx/Vivado/2017.2/data/ip/xpm/xpm_memory/hdl/xpm_memory.sv:58]
INFO: [Synth 8-256] done synthesizing module 'xpm_memory_base__parameterized2' (36#1) [C:/Xilinx/Vivado/2017.2/data/ip/xpm/xpm_memory/hdl/xpm_memory.sv:58]
INFO: [Synth 8-256] done synthesizing module 'bd_3fbf_m00bn_0' (37#1) [c:/Users/Tomek/Desktop/TabledAsymetricNumeralSystems-master/TabledAsymmetricNumeralSystems/TabledAsymmetricNumeralSystems.srcs/sources_1/bd/Memory_design/ip/Memory_design_axi_smc_0/bd_0/ip/ip_21/synth/bd_3fbf_m00bn_0.sv:58]
INFO: [Synth 8-638] synthesizing module 'bd_3fbf_m00rn_0' [c:/Users/Tomek/Desktop/TabledAsymetricNumeralSystems-master/TabledAsymmetricNumeralSystems/TabledAsymmetricNumeralSystems.srcs/sources_1/bd/Memory_design/ip/Memory_design_axi_smc_0/bd_0/ip/ip_18/synth/bd_3fbf_m00rn_0.sv:58]
INFO: [Synth 8-638] synthesizing module 'xpm_memory_base__parameterized3' [C:/Xilinx/Vivado/2017.2/data/ip/xpm/xpm_memory/hdl/xpm_memory.sv:58]
INFO: [Synth 8-256] done synthesizing module 'xpm_memory_base__parameterized3' (37#1) [C:/Xilinx/Vivado/2017.2/data/ip/xpm/xpm_memory/hdl/xpm_memory.sv:58]
INFO: [Synth 8-256] done synthesizing module 'bd_3fbf_m00rn_0' (38#1) [c:/Users/Tomek/Desktop/TabledAsymetricNumeralSystems-master/TabledAsymmetricNumeralSystems/TabledAsymmetricNumeralSystems.srcs/sources_1/bd/Memory_design/ip/Memory_design_axi_smc_0/bd_0/ip/ip_18/synth/bd_3fbf_m00rn_0.sv:58]
INFO: [Synth 8-638] synthesizing module 'bd_3fbf_m00wn_0' [c:/Users/Tomek/Desktop/TabledAsymetricNumeralSystems-master/TabledAsymmetricNumeralSystems/TabledAsymmetricNumeralSystems.srcs/sources_1/bd/Memory_design/ip/Memory_design_axi_smc_0/bd_0/ip/ip_20/synth/bd_3fbf_m00wn_0.sv:58]
INFO: [Synth 8-638] synthesizing module 'xpm_memory_base__parameterized4' [C:/Xilinx/Vivado/2017.2/data/ip/xpm/xpm_memory/hdl/xpm_memory.sv:58]
INFO: [Synth 8-256] done synthesizing module 'xpm_memory_base__parameterized4' (38#1) [C:/Xilinx/Vivado/2017.2/data/ip/xpm/xpm_memory/hdl/xpm_memory.sv:58]
INFO: [Synth 8-256] done synthesizing module 'bd_3fbf_m00wn_0' (39#1) [c:/Users/Tomek/Desktop/TabledAsymetricNumeralSystems-master/TabledAsymmetricNumeralSystems/TabledAsymmetricNumeralSystems.srcs/sources_1/bd/Memory_design/ip/Memory_design_axi_smc_0/bd_0/ip/ip_20/synth/bd_3fbf_m00wn_0.sv:58]
INFO: [Synth 8-256] done synthesizing module 'm00_nodes_imp_1PV5GK8' (40#1) [c:/Users/Tomek/Desktop/TabledAsymetricNumeralSystems-master/TabledAsymmetricNumeralSystems/TabledAsymmetricNumeralSystems.srcs/sources_1/bd/Memory_design/ip/Memory_design_axi_smc_0/bd_0/hdl/bd_3fbf.v:3160]
INFO: [Synth 8-638] synthesizing module 'bd_3fbf_m00s2a_0' [c:/Users/Tomek/Desktop/TabledAsymetricNumeralSystems-master/TabledAsymmetricNumeralSystems/TabledAsymmetricNumeralSystems.srcs/sources_1/bd/Memory_design/ip/Memory_design_axi_smc_0/bd_0/ip/ip_16/synth/bd_3fbf_m00s2a_0.sv:58]
INFO: [Synth 8-256] done synthesizing module 'bd_3fbf_m00s2a_0' (42#1) [c:/Users/Tomek/Desktop/TabledAsymetricNumeralSystems-master/TabledAsymmetricNumeralSystems/TabledAsymmetricNumeralSystems.srcs/sources_1/bd/Memory_design/ip/Memory_design_axi_smc_0/bd_0/ip/ip_16/synth/bd_3fbf_m00s2a_0.sv:58]
INFO: [Synth 8-638] synthesizing module 'm01_exit_pipeline_imp_16PF850' [c:/Users/Tomek/Desktop/TabledAsymetricNumeralSystems-master/TabledAsymmetricNumeralSystems/TabledAsymmetricNumeralSystems.srcs/sources_1/bd/Memory_design/ip/Memory_design_axi_smc_0/bd_0/hdl/bd_3fbf.v:3456]
INFO: [Synth 8-638] synthesizing module 'bd_3fbf_m01e_0' [c:/Users/Tomek/Desktop/TabledAsymetricNumeralSystems-master/TabledAsymmetricNumeralSystems/TabledAsymmetricNumeralSystems.srcs/sources_1/bd/Memory_design/ip/Memory_design_axi_smc_0/bd_0/ip/ip_29/synth/bd_3fbf_m01e_0.sv:58]
INFO: [Synth 8-256] done synthesizing module 'bd_3fbf_m01e_0' (43#1) [c:/Users/Tomek/Desktop/TabledAsymetricNumeralSystems-master/TabledAsymmetricNumeralSystems/TabledAsymmetricNumeralSystems.srcs/sources_1/bd/Memory_design/ip/Memory_design_axi_smc_0/bd_0/ip/ip_29/synth/bd_3fbf_m01e_0.sv:58]
INFO: [Synth 8-256] done synthesizing module 'm01_exit_pipeline_imp_16PF850' (44#1) [c:/Users/Tomek/Desktop/TabledAsymetricNumeralSystems-master/TabledAsymmetricNumeralSystems/TabledAsymmetricNumeralSystems.srcs/sources_1/bd/Memory_design/ip/Memory_design_axi_smc_0/bd_0/hdl/bd_3fbf.v:3456]
INFO: [Synth 8-638] synthesizing module 'm01_nodes_imp_IUXZE6' [c:/Users/Tomek/Desktop/TabledAsymetricNumeralSystems-master/TabledAsymmetricNumeralSystems/TabledAsymmetricNumeralSystems.srcs/sources_1/bd/Memory_design/ip/Memory_design_axi_smc_0/bd_0/hdl/bd_3fbf.v:3827]
INFO: [Synth 8-638] synthesizing module 'bd_3fbf_m01arn_0' [c:/Users/Tomek/Desktop/TabledAsymetricNumeralSystems-master/TabledAsymmetricNumeralSystems/TabledAsymmetricNumeralSystems.srcs/sources_1/bd/Memory_design/ip/Memory_design_axi_smc_0/bd_0/ip/ip_24/synth/bd_3fbf_m01arn_0.sv:58]
INFO: [Synth 8-256] done synthesizing module 'bd_3fbf_m01arn_0' (45#1) [c:/Users/Tomek/Desktop/TabledAsymetricNumeralSystems-master/TabledAsymmetricNumeralSystems/TabledAsymmetricNumeralSystems.srcs/sources_1/bd/Memory_design/ip/Memory_design_axi_smc_0/bd_0/ip/ip_24/synth/bd_3fbf_m01arn_0.sv:58]
INFO: [Synth 8-638] synthesizing module 'bd_3fbf_m01awn_0' [c:/Users/Tomek/Desktop/TabledAsymetricNumeralSystems-master/TabledAsymmetricNumeralSystems/TabledAsymmetricNumeralSystems.srcs/sources_1/bd/Memory_design/ip/Memory_design_axi_smc_0/bd_0/ip/ip_26/synth/bd_3fbf_m01awn_0.sv:58]
INFO: [Synth 8-256] done synthesizing module 'bd_3fbf_m01awn_0' (46#1) [c:/Users/Tomek/Desktop/TabledAsymetricNumeralSystems-master/TabledAsymmetricNumeralSystems/TabledAsymmetricNumeralSystems.srcs/sources_1/bd/Memory_design/ip/Memory_design_axi_smc_0/bd_0/ip/ip_26/synth/bd_3fbf_m01awn_0.sv:58]
INFO: [Synth 8-638] synthesizing module 'bd_3fbf_m01bn_0' [c:/Users/Tomek/Desktop/TabledAsymetricNumeralSystems-master/TabledAsymmetricNumeralSystems/TabledAsymmetricNumeralSystems.srcs/sources_1/bd/Memory_design/ip/Memory_design_axi_smc_0/bd_0/ip/ip_28/synth/bd_3fbf_m01bn_0.sv:58]
INFO: [Synth 8-256] done synthesizing module 'bd_3fbf_m01bn_0' (47#1) [c:/Users/Tomek/Desktop/TabledAsymetricNumeralSystems-master/TabledAsymmetricNumeralSystems/TabledAsymmetricNumeralSystems.srcs/sources_1/bd/Memory_design/ip/Memory_design_axi_smc_0/bd_0/ip/ip_28/synth/bd_3fbf_m01bn_0.sv:58]
INFO: [Synth 8-638] synthesizing module 'bd_3fbf_m01rn_0' [c:/Users/Tomek/Desktop/TabledAsymetricNumeralSystems-master/TabledAsymmetricNumeralSystems/TabledAsymmetricNumeralSystems.srcs/sources_1/bd/Memory_design/ip/Memory_design_axi_smc_0/bd_0/ip/ip_25/synth/bd_3fbf_m01rn_0.sv:58]
INFO: [Synth 8-256] done synthesizing module 'bd_3fbf_m01rn_0' (48#1) [c:/Users/Tomek/Desktop/TabledAsymetricNumeralSystems-master/TabledAsymmetricNumeralSystems/TabledAsymmetricNumeralSystems.srcs/sources_1/bd/Memory_design/ip/Memory_design_axi_smc_0/bd_0/ip/ip_25/synth/bd_3fbf_m01rn_0.sv:58]
INFO: [Synth 8-638] synthesizing module 'bd_3fbf_m01wn_0' [c:/Users/Tomek/Desktop/TabledAsymetricNumeralSystems-master/TabledAsymmetricNumeralSystems/TabledAsymmetricNumeralSystems.srcs/sources_1/bd/Memory_design/ip/Memory_design_axi_smc_0/bd_0/ip/ip_27/synth/bd_3fbf_m01wn_0.sv:58]
INFO: [Synth 8-256] done synthesizing module 'bd_3fbf_m01wn_0' (49#1) [c:/Users/Tomek/Desktop/TabledAsymetricNumeralSystems-master/TabledAsymmetricNumeralSystems/TabledAsymmetricNumeralSystems.srcs/sources_1/bd/Memory_design/ip/Memory_design_axi_smc_0/bd_0/ip/ip_27/synth/bd_3fbf_m01wn_0.sv:58]
INFO: [Synth 8-256] done synthesizing module 'm01_nodes_imp_IUXZE6' (50#1) [c:/Users/Tomek/Desktop/TabledAsymetricNumeralSystems-master/TabledAsymmetricNumeralSystems/TabledAsymmetricNumeralSystems.srcs/sources_1/bd/Memory_design/ip/Memory_design_axi_smc_0/bd_0/hdl/bd_3fbf.v:3827]
INFO: [Synth 8-638] synthesizing module 'bd_3fbf_m01s2a_0' [c:/Users/Tomek/Desktop/TabledAsymetricNumeralSystems-master/TabledAsymmetricNumeralSystems/TabledAsymmetricNumeralSystems.srcs/sources_1/bd/Memory_design/ip/Memory_design_axi_smc_0/bd_0/ip/ip_23/synth/bd_3fbf_m01s2a_0.sv:58]
INFO: [Synth 8-256] done synthesizing module 'bd_3fbf_m01s2a_0' (51#1) [c:/Users/Tomek/Desktop/TabledAsymetricNumeralSystems-master/TabledAsymmetricNumeralSystems/TabledAsymmetricNumeralSystems.srcs/sources_1/bd/Memory_design/ip/Memory_design_axi_smc_0/bd_0/ip/ip_23/synth/bd_3fbf_m01s2a_0.sv:58]
INFO: [Synth 8-638] synthesizing module 'm02_exit_pipeline_imp_18JXBCK' [c:/Users/Tomek/Desktop/TabledAsymetricNumeralSystems-master/TabledAsymmetricNumeralSystems/TabledAsymmetricNumeralSystems.srcs/sources_1/bd/Memory_design/ip/Memory_design_axi_smc_0/bd_0/hdl/bd_3fbf.v:4123]
INFO: [Synth 8-638] synthesizing module 'bd_3fbf_m02e_0' [c:/Users/Tomek/Desktop/TabledAsymetricNumeralSystems-master/TabledAsymmetricNumeralSystems/TabledAsymmetricNumeralSystems.srcs/sources_1/bd/Memory_design/ip/Memory_design_axi_smc_0/bd_0/ip/ip_36/synth/bd_3fbf_m02e_0.sv:58]
INFO: [Synth 8-256] done synthesizing module 'bd_3fbf_m02e_0' (52#1) [c:/Users/Tomek/Desktop/TabledAsymetricNumeralSystems-master/TabledAsymmetricNumeralSystems/TabledAsymmetricNumeralSystems.srcs/sources_1/bd/Memory_design/ip/Memory_design_axi_smc_0/bd_0/ip/ip_36/synth/bd_3fbf_m02e_0.sv:58]
INFO: [Synth 8-256] done synthesizing module 'm02_exit_pipeline_imp_18JXBCK' (53#1) [c:/Users/Tomek/Desktop/TabledAsymetricNumeralSystems-master/TabledAsymmetricNumeralSystems/TabledAsymmetricNumeralSystems.srcs/sources_1/bd/Memory_design/ip/Memory_design_axi_smc_0/bd_0/hdl/bd_3fbf.v:4123]
INFO: [Synth 8-638] synthesizing module 'm02_nodes_imp_HNABAT' [c:/Users/Tomek/Desktop/TabledAsymetricNumeralSystems-master/TabledAsymmetricNumeralSystems/TabledAsymmetricNumeralSystems.srcs/sources_1/bd/Memory_design/ip/Memory_design_axi_smc_0/bd_0/hdl/bd_3fbf.v:4494]
INFO: [Synth 8-638] synthesizing module 'bd_3fbf_m02arn_0' [c:/Users/Tomek/Desktop/TabledAsymetricNumeralSystems-master/TabledAsymmetricNumeralSystems/TabledAsymmetricNumeralSystems.srcs/sources_1/bd/Memory_design/ip/Memory_design_axi_smc_0/bd_0/ip/ip_31/synth/bd_3fbf_m02arn_0.sv:58]
INFO: [Synth 8-256] done synthesizing module 'bd_3fbf_m02arn_0' (54#1) [c:/Users/Tomek/Desktop/TabledAsymetricNumeralSystems-master/TabledAsymmetricNumeralSystems/TabledAsymmetricNumeralSystems.srcs/sources_1/bd/Memory_design/ip/Memory_design_axi_smc_0/bd_0/ip/ip_31/synth/bd_3fbf_m02arn_0.sv:58]
INFO: [Synth 8-638] synthesizing module 'bd_3fbf_m02awn_0' [c:/Users/Tomek/Desktop/TabledAsymetricNumeralSystems-master/TabledAsymmetricNumeralSystems/TabledAsymmetricNumeralSystems.srcs/sources_1/bd/Memory_design/ip/Memory_design_axi_smc_0/bd_0/ip/ip_33/synth/bd_3fbf_m02awn_0.sv:58]
INFO: [Synth 8-256] done synthesizing module 'bd_3fbf_m02awn_0' (55#1) [c:/Users/Tomek/Desktop/TabledAsymetricNumeralSystems-master/TabledAsymmetricNumeralSystems/TabledAsymmetricNumeralSystems.srcs/sources_1/bd/Memory_design/ip/Memory_design_axi_smc_0/bd_0/ip/ip_33/synth/bd_3fbf_m02awn_0.sv:58]
INFO: [Synth 8-638] synthesizing module 'bd_3fbf_m02bn_0' [c:/Users/Tomek/Desktop/TabledAsymetricNumeralSystems-master/TabledAsymmetricNumeralSystems/TabledAsymmetricNumeralSystems.srcs/sources_1/bd/Memory_design/ip/Memory_design_axi_smc_0/bd_0/ip/ip_35/synth/bd_3fbf_m02bn_0.sv:58]
INFO: [Synth 8-256] done synthesizing module 'bd_3fbf_m02bn_0' (56#1) [c:/Users/Tomek/Desktop/TabledAsymetricNumeralSystems-master/TabledAsymmetricNumeralSystems/TabledAsymmetricNumeralSystems.srcs/sources_1/bd/Memory_design/ip/Memory_design_axi_smc_0/bd_0/ip/ip_35/synth/bd_3fbf_m02bn_0.sv:58]
INFO: [Synth 8-638] synthesizing module 'bd_3fbf_m02rn_0' [c:/Users/Tomek/Desktop/TabledAsymetricNumeralSystems-master/TabledAsymmetricNumeralSystems/TabledAsymmetricNumeralSystems.srcs/sources_1/bd/Memory_design/ip/Memory_design_axi_smc_0/bd_0/ip/ip_32/synth/bd_3fbf_m02rn_0.sv:58]
INFO: [Synth 8-256] done synthesizing module 'bd_3fbf_m02rn_0' (57#1) [c:/Users/Tomek/Desktop/TabledAsymetricNumeralSystems-master/TabledAsymmetricNumeralSystems/TabledAsymmetricNumeralSystems.srcs/sources_1/bd/Memory_design/ip/Memory_design_axi_smc_0/bd_0/ip/ip_32/synth/bd_3fbf_m02rn_0.sv:58]
INFO: [Synth 8-638] synthesizing module 'bd_3fbf_m02wn_0' [c:/Users/Tomek/Desktop/TabledAsymetricNumeralSystems-master/TabledAsymmetricNumeralSystems/TabledAsymmetricNumeralSystems.srcs/sources_1/bd/Memory_design/ip/Memory_design_axi_smc_0/bd_0/ip/ip_34/synth/bd_3fbf_m02wn_0.sv:58]
INFO: [Synth 8-256] done synthesizing module 'bd_3fbf_m02wn_0' (58#1) [c:/Users/Tomek/Desktop/TabledAsymetricNumeralSystems-master/TabledAsymmetricNumeralSystems/TabledAsymmetricNumeralSystems.srcs/sources_1/bd/Memory_design/ip/Memory_design_axi_smc_0/bd_0/ip/ip_34/synth/bd_3fbf_m02wn_0.sv:58]
INFO: [Synth 8-256] done synthesizing module 'm02_nodes_imp_HNABAT' (59#1) [c:/Users/Tomek/Desktop/TabledAsymetricNumeralSystems-master/TabledAsymmetricNumeralSystems/TabledAsymmetricNumeralSystems.srcs/sources_1/bd/Memory_design/ip/Memory_design_axi_smc_0/bd_0/hdl/bd_3fbf.v:4494]
INFO: [Synth 8-638] synthesizing module 'bd_3fbf_m02s2a_0' [c:/Users/Tomek/Desktop/TabledAsymetricNumeralSystems-master/TabledAsymmetricNumeralSystems/TabledAsymmetricNumeralSystems.srcs/sources_1/bd/Memory_design/ip/Memory_design_axi_smc_0/bd_0/ip/ip_30/synth/bd_3fbf_m02s2a_0.sv:58]
INFO: [Synth 8-256] done synthesizing module 'bd_3fbf_m02s2a_0' (60#1) [c:/Users/Tomek/Desktop/TabledAsymetricNumeralSystems-master/TabledAsymmetricNumeralSystems/TabledAsymmetricNumeralSystems.srcs/sources_1/bd/Memory_design/ip/Memory_design_axi_smc_0/bd_0/ip/ip_30/synth/bd_3fbf_m02s2a_0.sv:58]
INFO: [Synth 8-638] synthesizing module 'm03_exit_pipeline_imp_1EZ80AC' [c:/Users/Tomek/Desktop/TabledAsymetricNumeralSystems-master/TabledAsymmetricNumeralSystems/TabledAsymmetricNumeralSystems.srcs/sources_1/bd/Memory_design/ip/Memory_design_axi_smc_0/bd_0/hdl/bd_3fbf.v:4790]
INFO: [Synth 8-638] synthesizing module 'bd_3fbf_m03e_0' [c:/Users/Tomek/Desktop/TabledAsymetricNumeralSystems-master/TabledAsymmetricNumeralSystems/TabledAsymmetricNumeralSystems.srcs/sources_1/bd/Memory_design/ip/Memory_design_axi_smc_0/bd_0/ip/ip_43/synth/bd_3fbf_m03e_0.sv:58]
INFO: [Synth 8-256] done synthesizing module 'bd_3fbf_m03e_0' (61#1) [c:/Users/Tomek/Desktop/TabledAsymetricNumeralSystems-master/TabledAsymmetricNumeralSystems/TabledAsymmetricNumeralSystems.srcs/sources_1/bd/Memory_design/ip/Memory_design_axi_smc_0/bd_0/ip/ip_43/synth/bd_3fbf_m03e_0.sv:58]
INFO: [Synth 8-256] done synthesizing module 'm03_exit_pipeline_imp_1EZ80AC' (62#1) [c:/Users/Tomek/Desktop/TabledAsymetricNumeralSystems-master/TabledAsymmetricNumeralSystems/TabledAsymmetricNumeralSystems.srcs/sources_1/bd/Memory_design/ip/Memory_design_axi_smc_0/bd_0/hdl/bd_3fbf.v:4790]
INFO: [Synth 8-638] synthesizing module 'm03_nodes_imp_1941DQB' [c:/Users/Tomek/Desktop/TabledAsymetricNumeralSystems-master/TabledAsymmetricNumeralSystems/TabledAsymmetricNumeralSystems.srcs/sources_1/bd/Memory_design/ip/Memory_design_axi_smc_0/bd_0/hdl/bd_3fbf.v:5161]
INFO: [Synth 8-638] synthesizing module 'bd_3fbf_m03arn_0' [c:/Users/Tomek/Desktop/TabledAsymetricNumeralSystems-master/TabledAsymmetricNumeralSystems/TabledAsymmetricNumeralSystems.srcs/sources_1/bd/Memory_design/ip/Memory_design_axi_smc_0/bd_0/ip/ip_38/synth/bd_3fbf_m03arn_0.sv:58]
INFO: [Synth 8-256] done synthesizing module 'bd_3fbf_m03arn_0' (63#1) [c:/Users/Tomek/Desktop/TabledAsymetricNumeralSystems-master/TabledAsymmetricNumeralSystems/TabledAsymmetricNumeralSystems.srcs/sources_1/bd/Memory_design/ip/Memory_design_axi_smc_0/bd_0/ip/ip_38/synth/bd_3fbf_m03arn_0.sv:58]
INFO: [Synth 8-638] synthesizing module 'bd_3fbf_m03awn_0' [c:/Users/Tomek/Desktop/TabledAsymetricNumeralSystems-master/TabledAsymmetricNumeralSystems/TabledAsymmetricNumeralSystems.srcs/sources_1/bd/Memory_design/ip/Memory_design_axi_smc_0/bd_0/ip/ip_40/synth/bd_3fbf_m03awn_0.sv:58]
INFO: [Synth 8-256] done synthesizing module 'bd_3fbf_m03awn_0' (64#1) [c:/Users/Tomek/Desktop/TabledAsymetricNumeralSystems-master/TabledAsymmetricNumeralSystems/TabledAsymmetricNumeralSystems.srcs/sources_1/bd/Memory_design/ip/Memory_design_axi_smc_0/bd_0/ip/ip_40/synth/bd_3fbf_m03awn_0.sv:58]
INFO: [Synth 8-638] synthesizing module 'bd_3fbf_m03bn_0' [c:/Users/Tomek/Desktop/TabledAsymetricNumeralSystems-master/TabledAsymmetricNumeralSystems/TabledAsymmetricNumeralSystems.srcs/sources_1/bd/Memory_design/ip/Memory_design_axi_smc_0/bd_0/ip/ip_42/synth/bd_3fbf_m03bn_0.sv:58]
INFO: [Synth 8-256] done synthesizing module 'bd_3fbf_m03bn_0' (65#1) [c:/Users/Tomek/Desktop/TabledAsymetricNumeralSystems-master/TabledAsymmetricNumeralSystems/TabledAsymmetricNumeralSystems.srcs/sources_1/bd/Memory_design/ip/Memory_design_axi_smc_0/bd_0/ip/ip_42/synth/bd_3fbf_m03bn_0.sv:58]
INFO: [Synth 8-638] synthesizing module 'bd_3fbf_m03rn_0' [c:/Users/Tomek/Desktop/TabledAsymetricNumeralSystems-master/TabledAsymmetricNumeralSystems/TabledAsymmetricNumeralSystems.srcs/sources_1/bd/Memory_design/ip/Memory_design_axi_smc_0/bd_0/ip/ip_39/synth/bd_3fbf_m03rn_0.sv:58]
INFO: [Synth 8-256] done synthesizing module 'bd_3fbf_m03rn_0' (66#1) [c:/Users/Tomek/Desktop/TabledAsymetricNumeralSystems-master/TabledAsymmetricNumeralSystems/TabledAsymmetricNumeralSystems.srcs/sources_1/bd/Memory_design/ip/Memory_design_axi_smc_0/bd_0/ip/ip_39/synth/bd_3fbf_m03rn_0.sv:58]
INFO: [Synth 8-638] synthesizing module 'bd_3fbf_m03wn_0' [c:/Users/Tomek/Desktop/TabledAsymetricNumeralSystems-master/TabledAsymmetricNumeralSystems/TabledAsymmetricNumeralSystems.srcs/sources_1/bd/Memory_design/ip/Memory_design_axi_smc_0/bd_0/ip/ip_41/synth/bd_3fbf_m03wn_0.sv:58]
INFO: [Synth 8-256] done synthesizing module 'bd_3fbf_m03wn_0' (67#1) [c:/Users/Tomek/Desktop/TabledAsymetricNumeralSystems-master/TabledAsymmetricNumeralSystems/TabledAsymmetricNumeralSystems.srcs/sources_1/bd/Memory_design/ip/Memory_design_axi_smc_0/bd_0/ip/ip_41/synth/bd_3fbf_m03wn_0.sv:58]
INFO: [Synth 8-256] done synthesizing module 'm03_nodes_imp_1941DQB' (68#1) [c:/Users/Tomek/Desktop/TabledAsymetricNumeralSystems-master/TabledAsymmetricNumeralSystems/TabledAsymmetricNumeralSystems.srcs/sources_1/bd/Memory_design/ip/Memory_design_axi_smc_0/bd_0/hdl/bd_3fbf.v:5161]
INFO: [Synth 8-638] synthesizing module 'bd_3fbf_m03s2a_0' [c:/Users/Tomek/Desktop/TabledAsymetricNumeralSystems-master/TabledAsymmetricNumeralSystems/TabledAsymmetricNumeralSystems.srcs/sources_1/bd/Memory_design/ip/Memory_design_axi_smc_0/bd_0/ip/ip_37/synth/bd_3fbf_m03s2a_0.sv:58]
INFO: [Synth 8-256] done synthesizing module 'bd_3fbf_m03s2a_0' (69#1) [c:/Users/Tomek/Desktop/TabledAsymetricNumeralSystems-master/TabledAsymmetricNumeralSystems/TabledAsymmetricNumeralSystems.srcs/sources_1/bd/Memory_design/ip/Memory_design_axi_smc_0/bd_0/ip/ip_37/synth/bd_3fbf_m03s2a_0.sv:58]
INFO: [Synth 8-638] synthesizing module 'm04_exit_pipeline_imp_1MDIHX0' [c:/Users/Tomek/Desktop/TabledAsymetricNumeralSystems-master/TabledAsymmetricNumeralSystems/TabledAsymmetricNumeralSystems.srcs/sources_1/bd/Memory_design/ip/Memory_design_axi_smc_0/bd_0/hdl/bd_3fbf.v:5457]
INFO: [Synth 8-638] synthesizing module 'bd_3fbf_m04e_0' [c:/Users/Tomek/Desktop/TabledAsymetricNumeralSystems-master/TabledAsymmetricNumeralSystems/TabledAsymmetricNumeralSystems.srcs/sources_1/bd/Memory_design/ip/Memory_design_axi_smc_0/bd_0/ip/ip_50/synth/bd_3fbf_m04e_0.sv:58]
INFO: [Synth 8-256] done synthesizing module 'bd_3fbf_m04e_0' (70#1) [c:/Users/Tomek/Desktop/TabledAsymetricNumeralSystems-master/TabledAsymmetricNumeralSystems/TabledAsymmetricNumeralSystems.srcs/sources_1/bd/Memory_design/ip/Memory_design_axi_smc_0/bd_0/ip/ip_50/synth/bd_3fbf_m04e_0.sv:58]
INFO: [Synth 8-256] done synthesizing module 'm04_exit_pipeline_imp_1MDIHX0' (71#1) [c:/Users/Tomek/Desktop/TabledAsymetricNumeralSystems-master/TabledAsymmetricNumeralSystems/TabledAsymmetricNumeralSystems.srcs/sources_1/bd/Memory_design/ip/Memory_design_axi_smc_0/bd_0/hdl/bd_3fbf.v:5457]
INFO: [Synth 8-638] synthesizing module 'm04_nodes_imp_1JBCE0Z' [c:/Users/Tomek/Desktop/TabledAsymetricNumeralSystems-master/TabledAsymmetricNumeralSystems/TabledAsymmetricNumeralSystems.srcs/sources_1/bd/Memory_design/ip/Memory_design_axi_smc_0/bd_0/hdl/bd_3fbf.v:5828]
INFO: [Synth 8-638] synthesizing module 'bd_3fbf_m04arn_0' [c:/Users/Tomek/Desktop/TabledAsymetricNumeralSystems-master/TabledAsymmetricNumeralSystems/TabledAsymmetricNumeralSystems.srcs/sources_1/bd/Memory_design/ip/Memory_design_axi_smc_0/bd_0/ip/ip_45/synth/bd_3fbf_m04arn_0.sv:58]
INFO: [Synth 8-256] done synthesizing module 'bd_3fbf_m04arn_0' (72#1) [c:/Users/Tomek/Desktop/TabledAsymetricNumeralSystems-master/TabledAsymmetricNumeralSystems/TabledAsymmetricNumeralSystems.srcs/sources_1/bd/Memory_design/ip/Memory_design_axi_smc_0/bd_0/ip/ip_45/synth/bd_3fbf_m04arn_0.sv:58]
INFO: [Synth 8-638] synthesizing module 'bd_3fbf_m04awn_0' [c:/Users/Tomek/Desktop/TabledAsymetricNumeralSystems-master/TabledAsymmetricNumeralSystems/TabledAsymmetricNumeralSystems.srcs/sources_1/bd/Memory_design/ip/Memory_design_axi_smc_0/bd_0/ip/ip_47/synth/bd_3fbf_m04awn_0.sv:58]
INFO: [Synth 8-256] done synthesizing module 'bd_3fbf_m04awn_0' (73#1) [c:/Users/Tomek/Desktop/TabledAsymetricNumeralSystems-master/TabledAsymmetricNumeralSystems/TabledAsymmetricNumeralSystems.srcs/sources_1/bd/Memory_design/ip/Memory_design_axi_smc_0/bd_0/ip/ip_47/synth/bd_3fbf_m04awn_0.sv:58]
INFO: [Synth 8-638] synthesizing module 'bd_3fbf_m04bn_0' [c:/Users/Tomek/Desktop/TabledAsymetricNumeralSystems-master/TabledAsymmetricNumeralSystems/TabledAsymmetricNumeralSystems.srcs/sources_1/bd/Memory_design/ip/Memory_design_axi_smc_0/bd_0/ip/ip_49/synth/bd_3fbf_m04bn_0.sv:58]
INFO: [Synth 8-256] done synthesizing module 'bd_3fbf_m04bn_0' (74#1) [c:/Users/Tomek/Desktop/TabledAsymetricNumeralSystems-master/TabledAsymmetricNumeralSystems/TabledAsymmetricNumeralSystems.srcs/sources_1/bd/Memory_design/ip/Memory_design_axi_smc_0/bd_0/ip/ip_49/synth/bd_3fbf_m04bn_0.sv:58]
INFO: [Synth 8-638] synthesizing module 'bd_3fbf_m04rn_0' [c:/Users/Tomek/Desktop/TabledAsymetricNumeralSystems-master/TabledAsymmetricNumeralSystems/TabledAsymmetricNumeralSystems.srcs/sources_1/bd/Memory_design/ip/Memory_design_axi_smc_0/bd_0/ip/ip_46/synth/bd_3fbf_m04rn_0.sv:58]
INFO: [Synth 8-256] done synthesizing module 'bd_3fbf_m04rn_0' (75#1) [c:/Users/Tomek/Desktop/TabledAsymetricNumeralSystems-master/TabledAsymmetricNumeralSystems/TabledAsymmetricNumeralSystems.srcs/sources_1/bd/Memory_design/ip/Memory_design_axi_smc_0/bd_0/ip/ip_46/synth/bd_3fbf_m04rn_0.sv:58]
INFO: [Synth 8-638] synthesizing module 'bd_3fbf_m04wn_0' [c:/Users/Tomek/Desktop/TabledAsymetricNumeralSystems-master/TabledAsymmetricNumeralSystems/TabledAsymmetricNumeralSystems.srcs/sources_1/bd/Memory_design/ip/Memory_design_axi_smc_0/bd_0/ip/ip_48/synth/bd_3fbf_m04wn_0.sv:58]
INFO: [Synth 8-256] done synthesizing module 'bd_3fbf_m04wn_0' (76#1) [c:/Users/Tomek/Desktop/TabledAsymetricNumeralSystems-master/TabledAsymmetricNumeralSystems/TabledAsymmetricNumeralSystems.srcs/sources_1/bd/Memory_design/ip/Memory_design_axi_smc_0/bd_0/ip/ip_48/synth/bd_3fbf_m04wn_0.sv:58]
INFO: [Synth 8-256] done synthesizing module 'm04_nodes_imp_1JBCE0Z' (77#1) [c:/Users/Tomek/Desktop/TabledAsymetricNumeralSystems-master/TabledAsymmetricNumeralSystems/TabledAsymmetricNumeralSystems.srcs/sources_1/bd/Memory_design/ip/Memory_design_axi_smc_0/bd_0/hdl/bd_3fbf.v:5828]
INFO: [Synth 8-638] synthesizing module 'bd_3fbf_m04s2a_0' [c:/Users/Tomek/Desktop/TabledAsymetricNumeralSystems-master/TabledAsymmetricNumeralSystems/TabledAsymmetricNumeralSystems.srcs/sources_1/bd/Memory_design/ip/Memory_design_axi_smc_0/bd_0/ip/ip_44/synth/bd_3fbf_m04s2a_0.sv:58]
INFO: [Synth 8-256] done synthesizing module 'bd_3fbf_m04s2a_0' (78#1) [c:/Users/Tomek/Desktop/TabledAsymetricNumeralSystems-master/TabledAsymmetricNumeralSystems/TabledAsymmetricNumeralSystems.srcs/sources_1/bd/Memory_design/ip/Memory_design_axi_smc_0/bd_0/ip/ip_44/synth/bd_3fbf_m04s2a_0.sv:58]
INFO: [Synth 8-638] synthesizing module 'bd_3fbf_s00a2s_0' [c:/Users/Tomek/Desktop/TabledAsymetricNumeralSystems-master/TabledAsymmetricNumeralSystems/TabledAsymmetricNumeralSystems.srcs/sources_1/bd/Memory_design/ip/Memory_design_axi_smc_0/bd_0/ip/ip_10/synth/bd_3fbf_s00a2s_0.sv:58]
INFO: [Synth 8-256] done synthesizing module 'bd_3fbf_s00a2s_0' (80#1) [c:/Users/Tomek/Desktop/TabledAsymetricNumeralSystems-master/TabledAsymmetricNumeralSystems/TabledAsymmetricNumeralSystems.srcs/sources_1/bd/Memory_design/ip/Memory_design_axi_smc_0/bd_0/ip/ip_10/synth/bd_3fbf_s00a2s_0.sv:58]
INFO: [Synth 8-638] synthesizing module 's00_entry_pipeline_imp_3V25H3' [c:/Users/Tomek/Desktop/TabledAsymetricNumeralSystems-master/TabledAsymmetricNumeralSystems/TabledAsymmetricNumeralSystems.srcs/sources_1/bd/Memory_design/ip/Memory_design_axi_smc_0/bd_0/hdl/bd_3fbf.v:6124]
INFO: [Synth 8-638] synthesizing module 'bd_3fbf_s00mmu_0' [c:/Users/Tomek/Desktop/TabledAsymetricNumeralSystems-master/TabledAsymmetricNumeralSystems/TabledAsymmetricNumeralSystems.srcs/sources_1/bd/Memory_design/ip/Memory_design_axi_smc_0/bd_0/ip/ip_7/synth/bd_3fbf_s00mmu_0.sv:59]
INFO: [Synth 8-256] done synthesizing module 'bd_3fbf_s00mmu_0' (84#1) [c:/Users/Tomek/Desktop/TabledAsymetricNumeralSystems-master/TabledAsymmetricNumeralSystems/TabledAsymmetricNumeralSystems.srcs/sources_1/bd/Memory_design/ip/Memory_design_axi_smc_0/bd_0/ip/ip_7/synth/bd_3fbf_s00mmu_0.sv:59]
INFO: [Synth 8-638] synthesizing module 'bd_3fbf_s00sic_0' [c:/Users/Tomek/Desktop/TabledAsymetricNumeralSystems-master/TabledAsymmetricNumeralSystems/TabledAsymmetricNumeralSystems.srcs/sources_1/bd/Memory_design/ip/Memory_design_axi_smc_0/bd_0/ip/ip_9/synth/bd_3fbf_s00sic_0.sv:59]
INFO: [Synth 8-256] done synthesizing module 'bd_3fbf_s00sic_0' (90#1) [c:/Users/Tomek/Desktop/TabledAsymetricNumeralSystems-master/TabledAsymmetricNumeralSystems/TabledAsymmetricNumeralSystems.srcs/sources_1/bd/Memory_design/ip/Memory_design_axi_smc_0/bd_0/ip/ip_9/synth/bd_3fbf_s00sic_0.sv:59]
INFO: [Synth 8-638] synthesizing module 'bd_3fbf_s00tr_0' [c:/Users/Tomek/Desktop/TabledAsymetricNumeralSystems-master/TabledAsymmetricNumeralSystems/TabledAsymmetricNumeralSystems.srcs/sources_1/bd/Memory_design/ip/Memory_design_axi_smc_0/bd_0/ip/ip_8/synth/bd_3fbf_s00tr_0.sv:58]
INFO: [Synth 8-256] done synthesizing module 'bd_3fbf_s00tr_0' (93#1) [c:/Users/Tomek/Desktop/TabledAsymetricNumeralSystems-master/TabledAsymmetricNumeralSystems/TabledAsymmetricNumeralSystems.srcs/sources_1/bd/Memory_design/ip/Memory_design_axi_smc_0/bd_0/ip/ip_8/synth/bd_3fbf_s00tr_0.sv:58]
INFO: [Synth 8-256] done synthesizing module 's00_entry_pipeline_imp_3V25H3' (94#1) [c:/Users/Tomek/Desktop/TabledAsymetricNumeralSystems-master/TabledAsymmetricNumeralSystems/TabledAsymmetricNumeralSystems.srcs/sources_1/bd/Memory_design/ip/Memory_design_axi_smc_0/bd_0/hdl/bd_3fbf.v:6124]
INFO: [Synth 8-638] synthesizing module 's00_nodes_imp_6QYHBH' [c:/Users/Tomek/Desktop/TabledAsymetricNumeralSystems-master/TabledAsymmetricNumeralSystems/TabledAsymmetricNumeralSystems.srcs/sources_1/bd/Memory_design/ip/Memory_design_axi_smc_0/bd_0/hdl/bd_3fbf.v:6772]
INFO: [Synth 8-638] synthesizing module 'bd_3fbf_sarn_0' [c:/Users/Tomek/Desktop/TabledAsymetricNumeralSystems-master/TabledAsymmetricNumeralSystems/TabledAsymmetricNumeralSystems.srcs/sources_1/bd/Memory_design/ip/Memory_design_axi_smc_0/bd_0/ip/ip_11/synth/bd_3fbf_sarn_0.sv:58]
INFO: [Synth 8-638] synthesizing module 'xpm_memory_base__parameterized5' [C:/Xilinx/Vivado/2017.2/data/ip/xpm/xpm_memory/hdl/xpm_memory.sv:58]
INFO: [Synth 8-256] done synthesizing module 'xpm_memory_base__parameterized5' (94#1) [C:/Xilinx/Vivado/2017.2/data/ip/xpm/xpm_memory/hdl/xpm_memory.sv:58]
INFO: [Synth 8-638] synthesizing module 'xpm_memory_base__parameterized6' [C:/Xilinx/Vivado/2017.2/data/ip/xpm/xpm_memory/hdl/xpm_memory.sv:58]
INFO: [Synth 8-256] done synthesizing module 'xpm_memory_base__parameterized6' (94#1) [C:/Xilinx/Vivado/2017.2/data/ip/xpm/xpm_memory/hdl/xpm_memory.sv:58]
INFO: [Synth 8-256] done synthesizing module 'bd_3fbf_sarn_0' (95#1) [c:/Users/Tomek/Desktop/TabledAsymetricNumeralSystems-master/TabledAsymmetricNumeralSystems/TabledAsymmetricNumeralSystems.srcs/sources_1/bd/Memory_design/ip/Memory_design_axi_smc_0/bd_0/ip/ip_11/synth/bd_3fbf_sarn_0.sv:58]
INFO: [Synth 8-638] synthesizing module 'bd_3fbf_sawn_0' [c:/Users/Tomek/Desktop/TabledAsymetricNumeralSystems-master/TabledAsymmetricNumeralSystems/TabledAsymmetricNumeralSystems.srcs/sources_1/bd/Memory_design/ip/Memory_design_axi_smc_0/bd_0/ip/ip_13/synth/bd_3fbf_sawn_0.sv:58]
INFO: [Synth 8-256] done synthesizing module 'bd_3fbf_sawn_0' (96#1) [c:/Users/Tomek/Desktop/TabledAsymetricNumeralSystems-master/TabledAsymmetricNumeralSystems/TabledAsymmetricNumeralSystems.srcs/sources_1/bd/Memory_design/ip/Memory_design_axi_smc_0/bd_0/ip/ip_13/synth/bd_3fbf_sawn_0.sv:58]
INFO: [Synth 8-638] synthesizing module 'bd_3fbf_sbn_0' [c:/Users/Tomek/Desktop/TabledAsymetricNumeralSystems-master/TabledAsymmetricNumeralSystems/TabledAsymmetricNumeralSystems.srcs/sources_1/bd/Memory_design/ip/Memory_design_axi_smc_0/bd_0/ip/ip_15/synth/bd_3fbf_sbn_0.sv:58]
INFO: [Synth 8-638] synthesizing module 'xpm_memory_base__parameterized7' [C:/Xilinx/Vivado/2017.2/data/ip/xpm/xpm_memory/hdl/xpm_memory.sv:58]
INFO: [Synth 8-256] done synthesizing module 'xpm_memory_base__parameterized7' (97#1) [C:/Xilinx/Vivado/2017.2/data/ip/xpm/xpm_memory/hdl/xpm_memory.sv:58]
INFO: [Synth 8-256] done synthesizing module 'bd_3fbf_sbn_0' (98#1) [c:/Users/Tomek/Desktop/TabledAsymetricNumeralSystems-master/TabledAsymmetricNumeralSystems/TabledAsymmetricNumeralSystems.srcs/sources_1/bd/Memory_design/ip/Memory_design_axi_smc_0/bd_0/ip/ip_15/synth/bd_3fbf_sbn_0.sv:58]
INFO: [Synth 8-638] synthesizing module 'bd_3fbf_srn_0' [c:/Users/Tomek/Desktop/TabledAsymetricNumeralSystems-master/TabledAsymmetricNumeralSystems/TabledAsymmetricNumeralSystems.srcs/sources_1/bd/Memory_design/ip/Memory_design_axi_smc_0/bd_0/ip/ip_12/synth/bd_3fbf_srn_0.sv:58]
INFO: [Synth 8-638] synthesizing module 'xpm_memory_base__parameterized8' [C:/Xilinx/Vivado/2017.2/data/ip/xpm/xpm_memory/hdl/xpm_memory.sv:58]
INFO: [Synth 8-256] done synthesizing module 'xpm_memory_base__parameterized8' (98#1) [C:/Xilinx/Vivado/2017.2/data/ip/xpm/xpm_memory/hdl/xpm_memory.sv:58]
INFO: [Synth 8-256] done synthesizing module 'bd_3fbf_srn_0' (99#1) [c:/Users/Tomek/Desktop/TabledAsymetricNumeralSystems-master/TabledAsymmetricNumeralSystems/TabledAsymmetricNumeralSystems.srcs/sources_1/bd/Memory_design/ip/Memory_design_axi_smc_0/bd_0/ip/ip_12/synth/bd_3fbf_srn_0.sv:58]
INFO: [Synth 8-638] synthesizing module 'bd_3fbf_swn_0' [c:/Users/Tomek/Desktop/TabledAsymetricNumeralSystems-master/TabledAsymmetricNumeralSystems/TabledAsymmetricNumeralSystems.srcs/sources_1/bd/Memory_design/ip/Memory_design_axi_smc_0/bd_0/ip/ip_14/synth/bd_3fbf_swn_0.sv:58]
INFO: [Synth 8-638] synthesizing module 'xpm_memory_base__parameterized9' [C:/Xilinx/Vivado/2017.2/data/ip/xpm/xpm_memory/hdl/xpm_memory.sv:58]
INFO: [Synth 8-256] done synthesizing module 'xpm_memory_base__parameterized9' (99#1) [C:/Xilinx/Vivado/2017.2/data/ip/xpm/xpm_memory/hdl/xpm_memory.sv:58]
INFO: [Synth 8-256] done synthesizing module 'bd_3fbf_swn_0' (100#1) [c:/Users/Tomek/Desktop/TabledAsymetricNumeralSystems-master/TabledAsymmetricNumeralSystems/TabledAsymmetricNumeralSystems.srcs/sources_1/bd/Memory_design/ip/Memory_design_axi_smc_0/bd_0/ip/ip_14/synth/bd_3fbf_swn_0.sv:58]
INFO: [Synth 8-256] done synthesizing module 's00_nodes_imp_6QYHBH' (101#1) [c:/Users/Tomek/Desktop/TabledAsymetricNumeralSystems-master/TabledAsymmetricNumeralSystems/TabledAsymmetricNumeralSystems.srcs/sources_1/bd/Memory_design/ip/Memory_design_axi_smc_0/bd_0/hdl/bd_3fbf.v:6772]
INFO: [Synth 8-638] synthesizing module 'switchboards_imp_W35CU1' [c:/Users/Tomek/Desktop/TabledAsymetricNumeralSystems-master/TabledAsymmetricNumeralSystems/TabledAsymmetricNumeralSystems.srcs/sources_1/bd/Memory_design/ip/Memory_design_axi_smc_0/bd_0/hdl/bd_3fbf.v:7068]
INFO: [Synth 8-638] synthesizing module 'bd_3fbf_arsw_0' [c:/Users/Tomek/Desktop/TabledAsymetricNumeralSystems-master/TabledAsymmetricNumeralSystems/TabledAsymmetricNumeralSystems.srcs/sources_1/bd/Memory_design/ip/Memory_design_axi_smc_0/bd_0/ip/ip_2/synth/bd_3fbf_arsw_0.sv:57]
INFO: [Synth 8-256] done synthesizing module 'bd_3fbf_arsw_0' (104#1) [c:/Users/Tomek/Desktop/TabledAsymetricNumeralSystems-master/TabledAsymmetricNumeralSystems/TabledAsymmetricNumeralSystems.srcs/sources_1/bd/Memory_design/ip/Memory_design_axi_smc_0/bd_0/ip/ip_2/synth/bd_3fbf_arsw_0.sv:57]
INFO: [Synth 8-638] synthesizing module 'bd_3fbf_awsw_0' [c:/Users/Tomek/Desktop/TabledAsymetricNumeralSystems-master/TabledAsymmetricNumeralSystems/TabledAsymmetricNumeralSystems.srcs/sources_1/bd/Memory_design/ip/Memory_design_axi_smc_0/bd_0/ip/ip_4/synth/bd_3fbf_awsw_0.sv:57]
INFO: [Synth 8-256] done synthesizing module 'bd_3fbf_awsw_0' (105#1) [c:/Users/Tomek/Desktop/TabledAsymetricNumeralSystems-master/TabledAsymmetricNumeralSystems/TabledAsymmetricNumeralSystems.srcs/sources_1/bd/Memory_design/ip/Memory_design_axi_smc_0/bd_0/ip/ip_4/synth/bd_3fbf_awsw_0.sv:57]
INFO: [Synth 8-638] synthesizing module 'bd_3fbf_bsw_0' [c:/Users/Tomek/Desktop/TabledAsymetricNumeralSystems-master/TabledAsymmetricNumeralSystems/TabledAsymmetricNumeralSystems.srcs/sources_1/bd/Memory_design/ip/Memory_design_axi_smc_0/bd_0/ip/ip_6/synth/bd_3fbf_bsw_0.sv:57]
INFO: [Synth 8-256] done synthesizing module 'bd_3fbf_bsw_0' (106#1) [c:/Users/Tomek/Desktop/TabledAsymetricNumeralSystems-master/TabledAsymmetricNumeralSystems/TabledAsymmetricNumeralSystems.srcs/sources_1/bd/Memory_design/ip/Memory_design_axi_smc_0/bd_0/ip/ip_6/synth/bd_3fbf_bsw_0.sv:57]
INFO: [Synth 8-638] synthesizing module 'bd_3fbf_rsw_0' [c:/Users/Tomek/Desktop/TabledAsymetricNumeralSystems-master/TabledAsymmetricNumeralSystems/TabledAsymmetricNumeralSystems.srcs/sources_1/bd/Memory_design/ip/Memory_design_axi_smc_0/bd_0/ip/ip_3/synth/bd_3fbf_rsw_0.sv:57]
INFO: [Synth 8-256] done synthesizing module 'bd_3fbf_rsw_0' (107#1) [c:/Users/Tomek/Desktop/TabledAsymetricNumeralSystems-master/TabledAsymmetricNumeralSystems/TabledAsymmetricNumeralSystems.srcs/sources_1/bd/Memory_design/ip/Memory_design_axi_smc_0/bd_0/ip/ip_3/synth/bd_3fbf_rsw_0.sv:57]
INFO: [Synth 8-638] synthesizing module 'bd_3fbf_wsw_0' [c:/Users/Tomek/Desktop/TabledAsymetricNumeralSystems-master/TabledAsymmetricNumeralSystems/TabledAsymmetricNumeralSystems.srcs/sources_1/bd/Memory_design/ip/Memory_design_axi_smc_0/bd_0/ip/ip_5/synth/bd_3fbf_wsw_0.sv:57]
INFO: [Synth 8-256] done synthesizing module 'bd_3fbf_wsw_0' (108#1) [c:/Users/Tomek/Desktop/TabledAsymetricNumeralSystems-master/TabledAsymmetricNumeralSystems/TabledAsymmetricNumeralSystems.srcs/sources_1/bd/Memory_design/ip/Memory_design_axi_smc_0/bd_0/ip/ip_5/synth/bd_3fbf_wsw_0.sv:57]
INFO: [Synth 8-256] done synthesizing module 'switchboards_imp_W35CU1' (109#1) [c:/Users/Tomek/Desktop/TabledAsymetricNumeralSystems-master/TabledAsymmetricNumeralSystems/TabledAsymmetricNumeralSystems.srcs/sources_1/bd/Memory_design/ip/Memory_design_axi_smc_0/bd_0/hdl/bd_3fbf.v:7068]
INFO: [Synth 8-256] done synthesizing module 'bd_3fbf' (110#1) [c:/Users/Tomek/Desktop/TabledAsymetricNumeralSystems-master/TabledAsymmetricNumeralSystems/TabledAsymmetricNumeralSystems.srcs/sources_1/bd/Memory_design/ip/Memory_design_axi_smc_0/bd_0/hdl/bd_3fbf.v:13]
INFO: [Synth 8-256] done synthesizing module 'Memory_design_axi_smc_0' (111#1) [c:/Users/Tomek/Desktop/TabledAsymetricNumeralSystems-master/TabledAsymmetricNumeralSystems/TabledAsymmetricNumeralSystems.srcs/sources_1/bd/Memory_design/ip/Memory_design_axi_smc_0/synth/Memory_design_axi_smc_0.v:57]
Finished RTL Elaboration : Time (s): cpu = 00:00:31 ; elapsed = 00:00:35 . Memory (MB): peak = 536.191 ; gain = 267.078
Finished RTL Optimization Phase 1 : Time (s): cpu = 00:00:33 ; elapsed = 00:00:39 . Memory (MB): peak = 536.191 ; gain = 267.078
INFO: [Device 21-403] Loading part xc7z010clg400-1
Constraint Validation Runtime : Time (s): cpu = 00:00:07 ; elapsed = 00:00:07 . Memory (MB): peak = 1610.809 ; gain = 113.223
Finished Constraint Validation : Time (s): cpu = 00:02:24 ; elapsed = 00:02:45 . Memory (MB): peak = 1610.809 ; gain = 1341.695
Finished Loading Part and Timing Information : Time (s): cpu = 00:02:24 ; elapsed = 00:02:45 . Memory (MB): peak = 1610.809 ; gain = 1341.695
Finished applying 'set_property' XDC Constraints : Time (s): cpu = 00:02:24 ; elapsed = 00:02:45 . Memory (MB): peak = 1610.809 ; gain = 1341.695
Finished RTL Optimization Phase 2 : Time (s): cpu = 00:02:39 ; elapsed = 00:03:03 . Memory (MB): peak = 1610.809 ; gain = 1341.695
Finished Cross Boundary and Area Optimization : Time (s): cpu = 00:05:28 ; elapsed = 00:06:26 . Memory (MB): peak = 1610.809 ; gain = 1341.695
---------------------------------------------------------------------------------
Start ROM, RAM, DSP and Shift Register Reporting
---------------------------------------------------------------------------------

Distributed RAM: Preliminary Mapping  Report (see note below)
+----------------------------------------------------------------------------------------------------------------------------------------------------------------------------+----------------------------------+----------------+----------------------+----------------+
|Module Name                                                                                                                                                                 | RTL Object                       | Inference      | Size (Depth x Width) | Primitives     | 
+----------------------------------------------------------------------------------------------------------------------------------------------------------------------------+----------------------------------+----------------+----------------------+----------------+
|inst/i_0/\m00_nodes/m00_ar_node/inst /\inst_mi_handler/gen_normal_area.gen_node_prog_full.inst_node_prog_full/gen_xpm_memory_fifo.inst_fifo/gen_mem_rep[0].inst_xpm_memory  | gen_wr_a.gen_word_narrow.mem_reg | User Attribute | 32 x 1               | RAM32X1D x 1   | 
|inst/i_0/\m00_nodes/m00_ar_node/inst /\inst_mi_handler/gen_normal_area.inst_fifo_node_payld/gen_xpm_memory_fifo.inst_fifo/gen_mem_rep[0].inst_xpm_memory                    | gen_wr_a.gen_word_narrow.mem_reg | User Attribute | 32 x 164             | RAM32M x 28    | 
|inst/i_0/\m00_nodes/m00_aw_node/inst /\inst_mi_handler/gen_normal_area.gen_node_prog_full.inst_node_prog_full/gen_xpm_memory_fifo.inst_fifo/gen_mem_rep[0].inst_xpm_memory  | gen_wr_a.gen_word_narrow.mem_reg | User Attribute | 32 x 1               | RAM32X1D x 1   | 
|inst/i_0/\m00_nodes/m00_aw_node/inst /\inst_mi_handler/gen_normal_area.inst_fifo_node_payld/gen_xpm_memory_fifo.inst_fifo/gen_mem_rep[0].inst_xpm_memory                    | gen_wr_a.gen_word_narrow.mem_reg | User Attribute | 32 x 164             | RAM32M x 28    | 
|inst/i_0/\m00_nodes/m00_b_node/inst /\inst_mi_handler/gen_normal_area.gen_fifo_req.inst_fifo_req/gen_xpm_memory_fifo.inst_fifo/gen_mem_rep[0].inst_xpm_memory               | gen_wr_a.gen_word_narrow.mem_reg | User Attribute | 32 x 18              | RAM32M x 3     | 
|inst/i_0/\m00_nodes/m00_b_node/inst /\inst_mi_handler/gen_normal_area.inst_fifo_node_payld/gen_xpm_memory_fifo.inst_fifo/gen_mem_rep[0].inst_xpm_memory                     | gen_wr_a.gen_word_narrow.mem_reg | User Attribute | 32 x 7               | RAM32M x 2     | 
|inst/i_0/\m00_nodes/m00_r_node/inst /\inst_mi_handler/gen_normal_area.gen_fifo_req.inst_fifo_req/gen_xpm_memory_fifo.inst_fifo/gen_mem_rep[0].inst_xpm_memory               | gen_wr_a.gen_word_narrow.mem_reg | User Attribute | 32 x 18              | RAM32M x 3     | 
|inst/i_0/\m00_nodes/m00_r_node/inst /\inst_mi_handler/gen_normal_area.inst_fifo_node_payld/gen_xpm_memory_fifo.inst_fifo/gen_mem_rep[0].inst_xpm_memory                     | gen_wr_a.gen_word_narrow.mem_reg | User Attribute | 32 x 53              | RAM32M x 9     | 
|inst/i_0/\m00_nodes/m00_w_node/inst /\inst_mi_handler/gen_normal_area.gen_node_prog_full.inst_node_prog_full/gen_xpm_memory_fifo.inst_fifo/gen_mem_rep[0].inst_xpm_memory   | gen_wr_a.gen_word_narrow.mem_reg | User Attribute | 32 x 1               | RAM32X1D x 1   | 
|inst/i_0/\m00_nodes/m00_w_node/inst /\inst_mi_handler/gen_normal_area.inst_fifo_node_payld/gen_xpm_memory_fifo.inst_fifo/gen_mem_rep[0].inst_xpm_memory                     | gen_wr_a.gen_word_narrow.mem_reg | User Attribute | 32 x 74              | RAM32M x 13    | 
|inst/i_0/\m01_nodes/m01_ar_node/inst /\inst_mi_handler/gen_normal_area.gen_node_prog_full.inst_node_prog_full/gen_xpm_memory_fifo.inst_fifo/gen_mem_rep[0].inst_xpm_memory  | gen_wr_a.gen_word_narrow.mem_reg | User Attribute | 32 x 1               | RAM32X1D x 1   | 
|inst/i_0/\m01_nodes/m01_ar_node/inst /\inst_mi_handler/gen_normal_area.inst_fifo_node_payld/gen_xpm_memory_fifo.inst_fifo/gen_mem_rep[0].inst_xpm_memory                    | gen_wr_a.gen_word_narrow.mem_reg | User Attribute | 32 x 164             | RAM32M x 28    | 
|inst/i_0/\m01_nodes/m01_aw_node/inst /\inst_mi_handler/gen_normal_area.gen_node_prog_full.inst_node_prog_full/gen_xpm_memory_fifo.inst_fifo/gen_mem_rep[0].inst_xpm_memory  | gen_wr_a.gen_word_narrow.mem_reg | User Attribute | 32 x 1               | RAM32X1D x 1   | 
|inst/i_0/\m01_nodes/m01_aw_node/inst /\inst_mi_handler/gen_normal_area.inst_fifo_node_payld/gen_xpm_memory_fifo.inst_fifo/gen_mem_rep[0].inst_xpm_memory                    | gen_wr_a.gen_word_narrow.mem_reg | User Attribute | 32 x 164             | RAM32M x 28    | 
|inst/i_0/\m01_nodes/m01_b_node/inst /\inst_mi_handler/gen_normal_area.gen_fifo_req.inst_fifo_req/gen_xpm_memory_fifo.inst_fifo/gen_mem_rep[0].inst_xpm_memory               | gen_wr_a.gen_word_narrow.mem_reg | User Attribute | 32 x 18              | RAM32M x 3     | 
|inst/i_0/\m01_nodes/m01_b_node/inst /\inst_mi_handler/gen_normal_area.inst_fifo_node_payld/gen_xpm_memory_fifo.inst_fifo/gen_mem_rep[0].inst_xpm_memory                     | gen_wr_a.gen_word_narrow.mem_reg | User Attribute | 32 x 7               | RAM32M x 2     | 
|inst/i_0/\m01_nodes/m01_r_node/inst /\inst_mi_handler/gen_normal_area.gen_fifo_req.inst_fifo_req/gen_xpm_memory_fifo.inst_fifo/gen_mem_rep[0].inst_xpm_memory               | gen_wr_a.gen_word_narrow.mem_reg | User Attribute | 32 x 18              | RAM32M x 3     | 
|inst/i_0/\m01_nodes/m01_r_node/inst /\inst_mi_handler/gen_normal_area.inst_fifo_node_payld/gen_xpm_memory_fifo.inst_fifo/gen_mem_rep[0].inst_xpm_memory                     | gen_wr_a.gen_word_narrow.mem_reg | User Attribute | 32 x 53              | RAM32M x 9     | 
|inst/i_0/\m01_nodes/m01_w_node/inst /\inst_mi_handler/gen_normal_area.gen_node_prog_full.inst_node_prog_full/gen_xpm_memory_fifo.inst_fifo/gen_mem_rep[0].inst_xpm_memory   | gen_wr_a.gen_word_narrow.mem_reg | User Attribute | 32 x 1               | RAM32X1D x 1   | 
|inst/i_0/\m01_nodes/m01_w_node/inst /\inst_mi_handler/gen_normal_area.inst_fifo_node_payld/gen_xpm_memory_fifo.inst_fifo/gen_mem_rep[0].inst_xpm_memory                     | gen_wr_a.gen_word_narrow.mem_reg | User Attribute | 32 x 74              | RAM32M x 13    | 
|inst/i_0/\m02_nodes/m02_ar_node/inst /\inst_mi_handler/gen_normal_area.gen_node_prog_full.inst_node_prog_full/gen_xpm_memory_fifo.inst_fifo/gen_mem_rep[0].inst_xpm_memory  | gen_wr_a.gen_word_narrow.mem_reg | User Attribute | 32 x 1               | RAM32X1D x 1   | 
|inst/i_0/\m02_nodes/m02_ar_node/inst /\inst_mi_handler/gen_normal_area.inst_fifo_node_payld/gen_xpm_memory_fifo.inst_fifo/gen_mem_rep[0].inst_xpm_memory                    | gen_wr_a.gen_word_narrow.mem_reg | User Attribute | 32 x 164             | RAM32M x 28    | 
|inst/i_0/\m02_nodes/m02_aw_node/inst /\inst_mi_handler/gen_normal_area.gen_node_prog_full.inst_node_prog_full/gen_xpm_memory_fifo.inst_fifo/gen_mem_rep[0].inst_xpm_memory  | gen_wr_a.gen_word_narrow.mem_reg | User Attribute | 32 x 1               | RAM32X1D x 1   | 
|inst/i_0/\m02_nodes/m02_aw_node/inst /\inst_mi_handler/gen_normal_area.inst_fifo_node_payld/gen_xpm_memory_fifo.inst_fifo/gen_mem_rep[0].inst_xpm_memory                    | gen_wr_a.gen_word_narrow.mem_reg | User Attribute | 32 x 164             | RAM32M x 28    | 
|inst/i_0/\m02_nodes/m02_b_node/inst /\inst_mi_handler/gen_normal_area.gen_fifo_req.inst_fifo_req/gen_xpm_memory_fifo.inst_fifo/gen_mem_rep[0].inst_xpm_memory               | gen_wr_a.gen_word_narrow.mem_reg | User Attribute | 32 x 18              | RAM32M x 3     | 
|inst/i_0/\m02_nodes/m02_b_node/inst /\inst_mi_handler/gen_normal_area.inst_fifo_node_payld/gen_xpm_memory_fifo.inst_fifo/gen_mem_rep[0].inst_xpm_memory                     | gen_wr_a.gen_word_narrow.mem_reg | User Attribute | 32 x 7               | RAM32M x 2     | 
|inst/i_0/\m02_nodes/m02_r_node/inst /\inst_mi_handler/gen_normal_area.gen_fifo_req.inst_fifo_req/gen_xpm_memory_fifo.inst_fifo/gen_mem_rep[0].inst_xpm_memory               | gen_wr_a.gen_word_narrow.mem_reg | User Attribute | 32 x 18              | RAM32M x 3     | 
|inst/i_0/\m02_nodes/m02_r_node/inst /\inst_mi_handler/gen_normal_area.inst_fifo_node_payld/gen_xpm_memory_fifo.inst_fifo/gen_mem_rep[0].inst_xpm_memory                     | gen_wr_a.gen_word_narrow.mem_reg | User Attribute | 32 x 53              | RAM32M x 9     | 
|inst/i_0/\m02_nodes/m02_w_node/inst /\inst_mi_handler/gen_normal_area.gen_node_prog_full.inst_node_prog_full/gen_xpm_memory_fifo.inst_fifo/gen_mem_rep[0].inst_xpm_memory   | gen_wr_a.gen_word_narrow.mem_reg | User Attribute | 32 x 1               | RAM32X1D x 1   | 
|inst/i_0/\m02_nodes/m02_w_node/inst /\inst_mi_handler/gen_normal_area.inst_fifo_node_payld/gen_xpm_memory_fifo.inst_fifo/gen_mem_rep[0].inst_xpm_memory                     | gen_wr_a.gen_word_narrow.mem_reg | User Attribute | 32 x 74              | RAM32M x 13    | 
|inst/i_0/\m03_nodes/m03_ar_node/inst /\inst_mi_handler/gen_normal_area.gen_node_prog_full.inst_node_prog_full/gen_xpm_memory_fifo.inst_fifo/gen_mem_rep[0].inst_xpm_memory  | gen_wr_a.gen_word_narrow.mem_reg | User Attribute | 32 x 1               | RAM32X1D x 1   | 
|inst/i_0/\m03_nodes/m03_ar_node/inst /\inst_mi_handler/gen_normal_area.inst_fifo_node_payld/gen_xpm_memory_fifo.inst_fifo/gen_mem_rep[0].inst_xpm_memory                    | gen_wr_a.gen_word_narrow.mem_reg | User Attribute | 32 x 164             | RAM32M x 28    | 
|inst/i_0/\m03_nodes/m03_aw_node/inst /\inst_mi_handler/gen_normal_area.gen_node_prog_full.inst_node_prog_full/gen_xpm_memory_fifo.inst_fifo/gen_mem_rep[0].inst_xpm_memory  | gen_wr_a.gen_word_narrow.mem_reg | User Attribute | 32 x 1               | RAM32X1D x 1   | 
|inst/i_0/\m03_nodes/m03_aw_node/inst /\inst_mi_handler/gen_normal_area.inst_fifo_node_payld/gen_xpm_memory_fifo.inst_fifo/gen_mem_rep[0].inst_xpm_memory                    | gen_wr_a.gen_word_narrow.mem_reg | User Attribute | 32 x 164             | RAM32M x 28    | 
|inst/i_0/\m03_nodes/m03_b_node/inst /\inst_mi_handler/gen_normal_area.gen_fifo_req.inst_fifo_req/gen_xpm_memory_fifo.inst_fifo/gen_mem_rep[0].inst_xpm_memory               | gen_wr_a.gen_word_narrow.mem_reg | User Attribute | 32 x 18              | RAM32M x 3     | 
|inst/i_0/\m03_nodes/m03_b_node/inst /\inst_mi_handler/gen_normal_area.inst_fifo_node_payld/gen_xpm_memory_fifo.inst_fifo/gen_mem_rep[0].inst_xpm_memory                     | gen_wr_a.gen_word_narrow.mem_reg | User Attribute | 32 x 7               | RAM32M x 2     | 
|inst/i_0/\m03_nodes/m03_r_node/inst /\inst_mi_handler/gen_normal_area.gen_fifo_req.inst_fifo_req/gen_xpm_memory_fifo.inst_fifo/gen_mem_rep[0].inst_xpm_memory               | gen_wr_a.gen_word_narrow.mem_reg | User Attribute | 32 x 18              | RAM32M x 3     | 
|inst/i_0/\m03_nodes/m03_r_node/inst /\inst_mi_handler/gen_normal_area.inst_fifo_node_payld/gen_xpm_memory_fifo.inst_fifo/gen_mem_rep[0].inst_xpm_memory                     | gen_wr_a.gen_word_narrow.mem_reg | User Attribute | 32 x 53              | RAM32M x 9     | 
|inst/i_0/\m03_nodes/m03_w_node/inst /\inst_mi_handler/gen_normal_area.gen_node_prog_full.inst_node_prog_full/gen_xpm_memory_fifo.inst_fifo/gen_mem_rep[0].inst_xpm_memory   | gen_wr_a.gen_word_narrow.mem_reg | User Attribute | 32 x 1               | RAM32X1D x 1   | 
|inst/i_0/\m03_nodes/m03_w_node/inst /\inst_mi_handler/gen_normal_area.inst_fifo_node_payld/gen_xpm_memory_fifo.inst_fifo/gen_mem_rep[0].inst_xpm_memory                     | gen_wr_a.gen_word_narrow.mem_reg | User Attribute | 32 x 74              | RAM32M x 13    | 
|inst/i_0/\m04_nodes/m04_ar_node/inst /\inst_mi_handler/gen_normal_area.gen_node_prog_full.inst_node_prog_full/gen_xpm_memory_fifo.inst_fifo/gen_mem_rep[0].inst_xpm_memory  | gen_wr_a.gen_word_narrow.mem_reg | User Attribute | 32 x 1               | RAM32X1D x 1   | 
|inst/i_0/\m04_nodes/m04_ar_node/inst /\inst_mi_handler/gen_normal_area.inst_fifo_node_payld/gen_xpm_memory_fifo.inst_fifo/gen_mem_rep[0].inst_xpm_memory                    | gen_wr_a.gen_word_narrow.mem_reg | User Attribute | 32 x 164             | RAM32M x 28    | 
|inst/i_0/\m04_nodes/m04_aw_node/inst /\inst_mi_handler/gen_normal_area.gen_node_prog_full.inst_node_prog_full/gen_xpm_memory_fifo.inst_fifo/gen_mem_rep[0].inst_xpm_memory  | gen_wr_a.gen_word_narrow.mem_reg | User Attribute | 32 x 1               | RAM32X1D x 1   | 
|inst/i_0/\m04_nodes/m04_aw_node/inst /\inst_mi_handler/gen_normal_area.inst_fifo_node_payld/gen_xpm_memory_fifo.inst_fifo/gen_mem_rep[0].inst_xpm_memory                    | gen_wr_a.gen_word_narrow.mem_reg | User Attribute | 32 x 164             | RAM32M x 28    | 
|inst/i_0/\m04_nodes/m04_b_node/inst /\inst_mi_handler/gen_normal_area.gen_fifo_req.inst_fifo_req/gen_xpm_memory_fifo.inst_fifo/gen_mem_rep[0].inst_xpm_memory               | gen_wr_a.gen_word_narrow.mem_reg | User Attribute | 32 x 18              | RAM32M x 3     | 
|inst/i_0/\m04_nodes/m04_b_node/inst /\inst_mi_handler/gen_normal_area.inst_fifo_node_payld/gen_xpm_memory_fifo.inst_fifo/gen_mem_rep[0].inst_xpm_memory                     | gen_wr_a.gen_word_narrow.mem_reg | User Attribute | 32 x 7               | RAM32M x 2     | 
|inst/i_0/\m04_nodes/m04_r_node/inst /\inst_mi_handler/gen_normal_area.gen_fifo_req.inst_fifo_req/gen_xpm_memory_fifo.inst_fifo/gen_mem_rep[0].inst_xpm_memory               | gen_wr_a.gen_word_narrow.mem_reg | User Attribute | 32 x 18              | RAM32M x 3     | 
|inst/i_0/\m04_nodes/m04_r_node/inst /\inst_mi_handler/gen_normal_area.inst_fifo_node_payld/gen_xpm_memory_fifo.inst_fifo/gen_mem_rep[0].inst_xpm_memory                     | gen_wr_a.gen_word_narrow.mem_reg | User Attribute | 32 x 53              | RAM32M x 9     | 
|inst/i_0/\m04_nodes/m04_w_node/inst /\inst_mi_handler/gen_normal_area.gen_node_prog_full.inst_node_prog_full/gen_xpm_memory_fifo.inst_fifo/gen_mem_rep[0].inst_xpm_memory   | gen_wr_a.gen_word_narrow.mem_reg | User Attribute | 32 x 1               | RAM32X1D x 1   | 
|inst/i_0/\m04_nodes/m04_w_node/inst /\inst_mi_handler/gen_normal_area.inst_fifo_node_payld/gen_xpm_memory_fifo.inst_fifo/gen_mem_rep[0].inst_xpm_memory                     | gen_wr_a.gen_word_narrow.mem_reg | User Attribute | 32 x 74              | RAM32M x 13    | 
|inst/i_0/\s00_nodes/s00_ar_node/inst /\inst_mi_handler/gen_normal_area.gen_fifo_req.inst_fifo_req/gen_xpm_memory_fifo.inst_fifo/gen_mem_rep[0].inst_xpm_memory              | gen_wr_a.gen_word_narrow.mem_reg | User Attribute | 32 x 22              | RAM32M x 4     | 
|inst/i_0/\s00_nodes/s00_ar_node/inst /\inst_mi_handler/gen_normal_area.inst_fifo_node_payld/gen_xpm_memory_fifo.inst_fifo/gen_mem_rep[0].inst_xpm_memory                    | gen_wr_a.gen_word_narrow.mem_reg | User Attribute | 32 x 146             | RAM32M x 25    | 
|inst/i_0/\s00_nodes/s00_aw_node/inst /\inst_mi_handler/gen_normal_area.gen_fifo_req.inst_fifo_req/gen_xpm_memory_fifo.inst_fifo/gen_mem_rep[0].inst_xpm_memory              | gen_wr_a.gen_word_narrow.mem_reg | User Attribute | 32 x 22              | RAM32M x 4     | 
|inst/i_0/\s00_nodes/s00_aw_node/inst /\inst_mi_handler/gen_normal_area.inst_fifo_node_payld/gen_xpm_memory_fifo.inst_fifo/gen_mem_rep[0].inst_xpm_memory                    | gen_wr_a.gen_word_narrow.mem_reg | User Attribute | 32 x 146             | RAM32M x 25    | 
|inst/i_0/\s00_nodes/s00_b_node/inst /\inst_mi_handler/gen_normal_area.gen_node_prog_full.inst_node_prog_full/gen_xpm_memory_fifo.inst_fifo/gen_mem_rep[0].inst_xpm_memory   | gen_wr_a.gen_word_narrow.mem_reg | User Attribute | 32 x 1               | RAM32X1D x 1   | 
|inst/i_0/\s00_nodes/s00_b_node/inst /\inst_mi_handler/gen_normal_area.inst_fifo_node_payld/gen_xpm_memory_fifo.inst_fifo/gen_mem_rep[0].inst_xpm_memory                     | gen_wr_a.gen_word_narrow.mem_reg | User Attribute | 32 x 27              | RAM32M x 5     | 
|inst/i_0/\s00_nodes/s00_r_node/inst /\inst_mi_handler/gen_normal_area.gen_node_prog_full.inst_node_prog_full/gen_xpm_memory_fifo.inst_fifo/gen_mem_rep[0].inst_xpm_memory   | gen_wr_a.gen_word_narrow.mem_reg | User Attribute | 32 x 1               | RAM32X1D x 1   | 
|inst/i_0/\s00_nodes/s00_r_node/inst /\inst_mi_handler/gen_normal_area.inst_fifo_node_payld/gen_xpm_memory_fifo.inst_fifo/gen_mem_rep[0].inst_xpm_memory                     | gen_wr_a.gen_word_narrow.mem_reg | User Attribute | 32 x 73              | RAM32M x 13    | 
|inst/i_0/\s00_nodes/s00_w_node/inst /\inst_mi_handler/gen_normal_area.gen_fifo_req.inst_fifo_req/gen_xpm_memory_fifo.inst_fifo/gen_mem_rep[0].inst_xpm_memory               | gen_wr_a.gen_word_narrow.mem_reg | User Attribute | 32 x 22              | RAM32M x 4     | 
|inst/i_0/\s00_nodes/s00_w_node/inst /\inst_mi_handler/gen_normal_area.inst_fifo_node_payld/gen_xpm_memory_fifo.inst_fifo/gen_mem_rep[0].inst_xpm_memory                     | gen_wr_a.gen_word_narrow.mem_reg | User Attribute | 32 x 56              | RAM32M x 10    | 
+----------------------------------------------------------------------------------------------------------------------------------------------------------------------------+----------------------------------+----------------+----------------------+----------------+

Note: The table above is a preliminary report that shows the Distributed RAMs at the current stage of the synthesis flow. Some Distributed RAMs may be reimplemented as non Distributed RAM primitives later in the synthesis flow. Multiple instantiated RAMs are reported only once.
---------------------------------------------------------------------------------
Finished ROM, RAM, DSP and Shift Register Reporting
---------------------------------------------------------------------------------
Finished Applying XDC Timing Constraints : Time (s): cpu = 00:05:48 ; elapsed = 00:06:49 . Memory (MB): peak = 1610.809 ; gain = 1341.695
Finished Timing Optimization : Time (s): cpu = 00:05:59 ; elapsed = 00:07:02 . Memory (MB): peak = 1610.809 ; gain = 1341.695
Finished Technology Mapping : Time (s): cpu = 00:06:23 ; elapsed = 00:07:28 . Memory (MB): peak = 1610.809 ; gain = 1341.695
Finished IO Insertion : Time (s): cpu = 00:06:25 ; elapsed = 00:07:31 . Memory (MB): peak = 1610.809 ; gain = 1341.695
Finished Renaming Generated Instances : Time (s): cpu = 00:06:25 ; elapsed = 00:07:31 . Memory (MB): peak = 1610.809 ; gain = 1341.695
Finished Rebuilding User Hierarchy : Time (s): cpu = 00:06:30 ; elapsed = 00:07:36 . Memory (MB): peak = 1610.809 ; gain = 1341.695
Finished Renaming Generated Ports : Time (s): cpu = 00:06:30 ; elapsed = 00:07:36 . Memory (MB): peak = 1610.809 ; gain = 1341.695
Finished Handling Custom Attributes : Time (s): cpu = 00:06:32 ; elapsed = 00:07:38 . Memory (MB): peak = 1610.809 ; gain = 1341.695
Finished Renaming Generated Nets : Time (s): cpu = 00:06:32 ; elapsed = 00:07:38 . Memory (MB): peak = 1610.809 ; gain = 1341.695

Report Cell Usage: 
+------+---------+------+
|      |Cell     |Count |
+------+---------+------+
|1     |CARRY4   |    20|
|2     |LUT1     |   335|
|3     |LUT2     |  2237|
|4     |LUT3     |   491|
|5     |LUT4     |  2269|
|6     |LUT5     |   942|
|7     |LUT6     |  2285|
|8     |MUXF7    |    68|
|9     |RAM32M   |   520|
|10    |RAM32X1D |    17|
|11    |SRL16    |     1|
|12    |SRL16E   |     8|
|13    |SRLC32E  |   390|
|14    |FDR      |     4|
|15    |FDRE     |  7357|
|16    |FDSE     |   307|
+------+---------+------+
Finished Writing Synthesis Report : Time (s): cpu = 00:06:32 ; elapsed = 00:07:38 . Memory (MB): peak = 1610.809 ; gain = 1341.695
synth_design: Time (s): cpu = 00:06:49 ; elapsed = 00:07:59 . Memory (MB): peak = 1610.809 ; gain = 1349.465
write_checkpoint: Time (s): cpu = 00:00:09 ; elapsed = 00:00:08 . Memory (MB): peak = 1610.809 ; gain = 0.000
write_vhdl: Time (s): cpu = 00:00:06 ; elapsed = 00:00:06 . Memory (MB): peak = 1610.809 ; gain = 0.000
